2022-03-04 00:08:40,414 [main] INFO  com.example.dem.DemApplication                               : Starting DemApplication using Java 1.8.0_312 on Pavilion with PID 10800 (C:\Users\Pavilion\Path\Рабочий стол\trim 5\dem\target\classes started by Pavilion in C:\Users\Pavilion\Path\Рабочий стол\trim 5\dem)
2022-03-04 00:08:40,419 [main] INFO  com.example.dem.DemApplication                               : No active profile set, falling back to default profiles: default
2022-03-04 00:08:41,471 [main] INFO  o.s.data.repository.config.RepositoryConfigurationDelegate   : Bootstrapping Spring Data JPA repositories in DEFAULT mode.
2022-03-04 00:08:41,550 [main] INFO  o.s.data.repository.config.RepositoryConfigurationDelegate   : Finished Spring Data repository scanning in 69 ms. Found 4 JPA repository interfaces.
2022-03-04 00:08:42,074 [main] INFO  org.springframework.boot.web.embedded.tomcat.TomcatWebServer : Tomcat initialized with port(s): 8080 (http)
2022-03-04 00:08:42,085 [main] INFO  org.apache.coyote.http11.Http11NioProtocol                   : Initializing ProtocolHandler ["http-nio-8080"]
2022-03-04 00:08:42,085 [main] INFO  org.apache.catalina.core.StandardService                     : Starting service [Tomcat]
2022-03-04 00:08:42,086 [main] INFO  org.apache.catalina.core.StandardEngine                      : Starting Servlet engine: [Apache Tomcat/9.0.52]
2022-03-04 00:08:42,190 [main] INFO  o.a.catalina.core.ContainerBase.[Tomcat].[localhost].[/]     : Initializing Spring embedded WebApplicationContext
2022-03-04 00:08:42,190 [main] INFO  o.s.b.web.servlet.context.ServletWebServerApplicationContext : Root WebApplicationContext: initialization completed in 1712 ms
2022-03-04 00:08:42,441 [main] INFO  org.hibernate.jpa.internal.util.LogHelper                    : HHH000204: Processing PersistenceUnitInfo [name: default]
2022-03-04 00:08:42,498 [main] INFO  org.hibernate.Version                                        : HHH000412: Hibernate ORM core version 5.4.32.Final
2022-03-04 00:08:42,670 [main] INFO  org.hibernate.annotations.common.Version                     : HCANN000001: Hibernate Commons Annotations {5.1.2.Final}
2022-03-04 00:08:42,959 [main] INFO  com.zaxxer.hikari.HikariDataSource                           : HikariPool-1 - Starting...
2022-03-04 00:08:43,185 [main] INFO  com.zaxxer.hikari.HikariDataSource                           : HikariPool-1 - Start completed.
2022-03-04 00:08:43,205 [main] INFO  org.hibernate.dialect.Dialect                                : HHH000400: Using dialect: org.hibernate.dialect.PostgreSQLDialect
2022-03-04 00:08:44,451 [main] INFO  o.h.e.transaction.jta.platform.internal.JtaPlatformInitiator : HHH000490: Using JtaPlatform implementation: [org.hibernate.engine.transaction.jta.platform.internal.NoJtaPlatform]
2022-03-04 00:08:44,463 [main] INFO  o.s.orm.jpa.LocalContainerEntityManagerFactoryBean           : Initialized JPA EntityManagerFactory for persistence unit 'default'
2022-03-04 00:08:45,030 [main] WARN  o.s.b.a.orm.jpa.JpaBaseConfiguration$JpaWebConfiguration     : spring.jpa.open-in-view is enabled by default. Therefore, database queries may be performed during view rendering. Explicitly configure spring.jpa.open-in-view to disable this warning
2022-03-04 00:08:45,276 [main] INFO  org.springframework.security.web.DefaultSecurityFilterChain  : Will secure any request with [org.springframework.security.web.context.request.async.WebAsyncManagerIntegrationFilter@44da7eb3, org.springframework.security.web.context.SecurityContextPersistenceFilter@4ebd6fd6, org.springframework.security.web.header.HeaderWriterFilter@4f26425b, org.springframework.security.web.authentication.logout.LogoutFilter@7c91fe86, org.springframework.security.web.authentication.UsernamePasswordAuthenticationFilter@5bb2fb2b, org.springframework.security.web.authentication.ui.DefaultLoginPageGeneratingFilter@609b041c, org.springframework.security.web.authentication.ui.DefaultLogoutPageGeneratingFilter@5e69cf07, org.springframework.security.web.savedrequest.RequestCacheAwareFilter@7404ddca, org.springframework.security.web.servletapi.SecurityContextHolderAwareRequestFilter@629b780f, org.springframework.security.web.authentication.AnonymousAuthenticationFilter@3d512652, org.springframework.security.web.session.SessionManagementFilter@40dd552c, org.springframework.security.web.access.ExceptionTranslationFilter@1c6e3ff9, org.springframework.security.web.access.intercept.FilterSecurityInterceptor@766b6d02]
2022-03-04 00:08:45,782 [main] INFO  org.apache.coyote.http11.Http11NioProtocol                   : Starting ProtocolHandler ["http-nio-8080"]
2022-03-04 00:08:45,830 [main] INFO  org.springframework.boot.web.embedded.tomcat.TomcatWebServer : Tomcat started on port(s): 8080 (http) with context path ''
2022-03-04 00:08:45,844 [main] INFO  com.example.dem.DemApplication                               : Started DemApplication in 6.052 seconds (JVM running for 7.512)
2022-03-04 00:08:45,979 [http-nio-8080-exec-1] INFO  o.a.catalina.core.ContainerBase.[Tomcat].[localhost].[/]     : Initializing Spring DispatcherServlet 'dispatcherServlet'
2022-03-04 00:08:45,979 [http-nio-8080-exec-1] INFO  org.springframework.web.servlet.DispatcherServlet            : Initializing Servlet 'dispatcherServlet'
2022-03-04 00:08:45,980 [http-nio-8080-exec-1] INFO  org.springframework.web.servlet.DispatcherServlet            : Completed initialization in 1 ms
2022-03-04 00:08:46,049 [http-nio-8080-exec-1] INFO  com.example.dem.DemApplication                               : create user form page returned
2022-03-04 00:09:16,057 [http-nio-8080-exec-5] INFO  com.example.dem.DemApplication                               : create user form page returned
2022-03-04 01:41:51,369 [main] INFO  com.example.dem.DemApplication                               : Starting DemApplication using Java 1.8.0_202 on DESKTOP-2QO6C8A with PID 13316 (C:\Users\Bekzat\Desktop\dem\dem\target\classes started by Bekzat in C:\Users\Bekzat\Desktop\dem\dem)
2022-03-04 01:41:51,373 [main] INFO  com.example.dem.DemApplication                               : No active profile set, falling back to default profiles: default
2022-03-04 01:41:53,442 [main] INFO  o.s.data.repository.config.RepositoryConfigurationDelegate   : Bootstrapping Spring Data JPA repositories in DEFAULT mode.
2022-03-04 01:41:53,686 [main] INFO  o.s.data.repository.config.RepositoryConfigurationDelegate   : Finished Spring Data repository scanning in 216 ms. Found 4 JPA repository interfaces.
2022-03-04 01:41:55,229 [main] INFO  org.springframework.boot.web.embedded.tomcat.TomcatWebServer : Tomcat initialized with port(s): 8080 (http)
2022-03-04 01:41:55,249 [main] INFO  org.apache.coyote.http11.Http11NioProtocol                   : Initializing ProtocolHandler ["http-nio-8080"]
2022-03-04 01:41:55,251 [main] INFO  org.apache.catalina.core.StandardService                     : Starting service [Tomcat]
2022-03-04 01:41:55,251 [main] INFO  org.apache.catalina.core.StandardEngine                      : Starting Servlet engine: [Apache Tomcat/9.0.52]
2022-03-04 01:41:55,585 [main] INFO  o.a.catalina.core.ContainerBase.[Tomcat].[localhost].[/]     : Initializing Spring embedded WebApplicationContext
2022-03-04 01:41:55,586 [main] INFO  o.s.b.web.servlet.context.ServletWebServerApplicationContext : Root WebApplicationContext: initialization completed in 4123 ms
2022-03-04 01:41:55,996 [main] INFO  org.hibernate.jpa.internal.util.LogHelper                    : HHH000204: Processing PersistenceUnitInfo [name: default]
2022-03-04 01:41:56,117 [main] INFO  org.hibernate.Version                                        : HHH000412: Hibernate ORM core version 5.4.32.Final
2022-03-04 01:41:56,468 [main] INFO  org.hibernate.annotations.common.Version                     : HCANN000001: Hibernate Commons Annotations {5.1.2.Final}
2022-03-04 01:41:56,984 [main] INFO  com.zaxxer.hikari.HikariDataSource                           : HikariPool-1 - Starting...
2022-03-04 01:41:58,097 [main] INFO  com.zaxxer.hikari.HikariDataSource                           : HikariPool-1 - Start completed.
2022-03-04 01:41:58,176 [main] INFO  org.hibernate.dialect.Dialect                                : HHH000400: Using dialect: org.hibernate.dialect.PostgreSQLDialect
2022-03-04 01:42:00,805 [main] INFO  o.h.e.transaction.jta.platform.internal.JtaPlatformInitiator : HHH000490: Using JtaPlatform implementation: [org.hibernate.engine.transaction.jta.platform.internal.NoJtaPlatform]
2022-03-04 01:42:00,835 [main] INFO  o.s.orm.jpa.LocalContainerEntityManagerFactoryBean           : Initialized JPA EntityManagerFactory for persistence unit 'default'
2022-03-04 01:42:01,909 [main] WARN  o.s.b.a.orm.jpa.JpaBaseConfiguration$JpaWebConfiguration     : spring.jpa.open-in-view is enabled by default. Therefore, database queries may be performed during view rendering. Explicitly configure spring.jpa.open-in-view to disable this warning
2022-03-04 01:42:02,521 [main] INFO  org.springframework.security.web.DefaultSecurityFilterChain  : Will secure any request with [org.springframework.security.web.context.request.async.WebAsyncManagerIntegrationFilter@1f39269d, org.springframework.security.web.context.SecurityContextPersistenceFilter@3ac0a14b, org.springframework.security.web.header.HeaderWriterFilter@4fad51a3, org.springframework.security.web.authentication.logout.LogoutFilter@505f45cc, org.springframework.security.web.authentication.UsernamePasswordAuthenticationFilter@5bb7a59, org.springframework.security.web.authentication.ui.DefaultLoginPageGeneratingFilter@7cca31fc, org.springframework.security.web.authentication.ui.DefaultLogoutPageGeneratingFilter@6e321d9d, org.springframework.security.web.savedrequest.RequestCacheAwareFilter@5e24592e, org.springframework.security.web.servletapi.SecurityContextHolderAwareRequestFilter@273dec10, org.springframework.security.web.authentication.AnonymousAuthenticationFilter@754de353, org.springframework.security.web.session.SessionManagementFilter@acb5508, org.springframework.security.web.access.ExceptionTranslationFilter@4d290757, org.springframework.security.web.access.intercept.FilterSecurityInterceptor@5e3d2765]
2022-03-04 01:42:03,517 [main] INFO  org.apache.coyote.http11.Http11NioProtocol                   : Starting ProtocolHandler ["http-nio-8080"]
2022-03-04 01:42:03,575 [main] INFO  org.springframework.boot.web.embedded.tomcat.TomcatWebServer : Tomcat started on port(s): 8080 (http) with context path ''
2022-03-04 01:42:03,595 [main] INFO  com.example.dem.DemApplication                               : Started DemApplication in 13.242 seconds (JVM running for 15.892)
2022-03-04 01:42:08,770 [http-nio-8080-exec-1] INFO  o.a.catalina.core.ContainerBase.[Tomcat].[localhost].[/]     : Initializing Spring DispatcherServlet 'dispatcherServlet'
2022-03-04 01:42:08,777 [http-nio-8080-exec-1] INFO  org.springframework.web.servlet.DispatcherServlet            : Initializing Servlet 'dispatcherServlet'
2022-03-04 01:42:08,784 [http-nio-8080-exec-1] INFO  org.springframework.web.servlet.DispatcherServlet            : Completed initialization in 7 ms
2022-03-04 01:42:13,946 [http-nio-8080-exec-5] INFO  com.example.dem.DemApplication                               : create user form page returned
2022-03-04 01:42:27,040 [http-nio-8080-exec-2] INFO  com.example.dem.DemApplication                               : list of all notes returned
2022-03-04 01:42:35,307 [http-nio-8080-exec-5] INFO  com.example.dem.DemApplication                               : user found: return user page
2022-03-04 01:42:37,157 [http-nio-8080-exec-7] INFO  com.example.dem.DemApplication                               : user note connection
2022-03-04 01:42:43,176 [http-nio-8080-exec-10] INFO  com.example.dem.DemApplication                               : post, note created
2022-03-04 01:42:43,203 [http-nio-8080-exec-1] INFO  com.example.dem.DemApplication                               : user found: return user page
2022-03-04 01:42:45,562 [http-nio-8080-exec-4] INFO  com.example.dem.DemApplication                               : user note connection
2022-03-04 01:42:56,903 [http-nio-8080-exec-3] INFO  com.example.dem.DemApplication                               : post, note created
2022-03-04 01:42:56,926 [http-nio-8080-exec-5] INFO  com.example.dem.DemApplication                               : user found: return user page
2022-03-04 01:43:14,990 [http-nio-8080-exec-7] INFO  com.example.dem.DemApplication                               : create user form page returned
2022-03-04 01:43:38,100 [http-nio-8080-exec-6] INFO  com.example.dem.DemApplication                               : list of all notes returned
2022-03-04 01:43:54,681 [http-nio-8080-exec-8] INFO  com.example.dem.DemApplication                               : user found: return user page
2022-03-04 01:43:56,359 [http-nio-8080-exec-1] INFO  com.example.dem.DemApplication                               : user note connection
2022-03-04 01:44:00,507 [http-nio-8080-exec-2] INFO  com.example.dem.DemApplication                               : post, note created
2022-03-04 01:44:00,525 [http-nio-8080-exec-4] INFO  com.example.dem.DemApplication                               : user found: return user page
2022-03-04 01:44:03,215 [http-nio-8080-exec-5] INFO  com.example.dem.DemApplication                               : user note connection
2022-03-04 01:44:12,361 [http-nio-8080-exec-6] INFO  com.example.dem.DemApplication                               : post, note created
2022-03-04 01:44:12,383 [http-nio-8080-exec-9] INFO  com.example.dem.DemApplication                               : user found: return user page
2022-03-04 01:46:14,560 [http-nio-8080-exec-1] INFO  com.example.dem.DemApplication                               : list of all notes returned
2022-03-04 01:50:02,591 [http-nio-8080-exec-3] INFO  org.apache.coyote.http11.Http11Processor                     : Error parsing HTTP request header
 Note: further occurrences of HTTP request parsing errors will be logged at DEBUG level.
java.lang.IllegalArgumentException: Invalid character found in method name [authorize: ]. HTTP method names must be tokens
	at org.apache.coyote.http11.Http11InputBuffer.parseRequestLine(Http11InputBuffer.java:419)
	at org.apache.coyote.http11.Http11Processor.service(Http11Processor.java:269)
	at org.apache.coyote.AbstractProcessorLight.process(AbstractProcessorLight.java:65)
	at org.apache.coyote.AbstractProtocol$ConnectionHandler.process(AbstractProtocol.java:893)
	at org.apache.tomcat.util.net.NioEndpoint$SocketProcessor.doRun(NioEndpoint.java:1726)
	at org.apache.tomcat.util.net.SocketProcessorBase.run(SocketProcessorBase.java:49)
	at org.apache.tomcat.util.threads.ThreadPoolExecutor.runWorker(ThreadPoolExecutor.java:1191)
	at org.apache.tomcat.util.threads.ThreadPoolExecutor$Worker.run(ThreadPoolExecutor.java:659)
	at org.apache.tomcat.util.threads.TaskThread$WrappingRunnable.run(TaskThread.java:61)
	at java.lang.Thread.run(Thread.java:748)
2022-03-04 02:12:18,177 [SpringApplicationShutdownHook] INFO  o.s.orm.jpa.LocalContainerEntityManagerFactoryBean           : Closing JPA EntityManagerFactory for persistence unit 'default'
2022-03-04 02:12:18,225 [SpringApplicationShutdownHook] INFO  com.zaxxer.hikari.HikariDataSource                           : HikariPool-1 - Shutdown initiated...
2022-03-04 02:12:18,244 [SpringApplicationShutdownHook] INFO  com.zaxxer.hikari.HikariDataSource                           : HikariPool-1 - Shutdown completed.
2022-03-04 13:55:32,309 [main] INFO  com.example.dem.DemApplication                               : Starting DemApplication using Java 1.8.0_202 on DESKTOP-2QO6C8A with PID 19804 (C:\Users\Bekzat\Desktop\dem\dem\target\classes started by Bekzat in C:\Users\Bekzat\Desktop\dem\dem)
2022-03-04 13:55:32,314 [main] INFO  com.example.dem.DemApplication                               : No active profile set, falling back to default profiles: default
2022-03-04 13:55:33,573 [main] INFO  o.s.data.repository.config.RepositoryConfigurationDelegate   : Bootstrapping Spring Data JPA repositories in DEFAULT mode.
2022-03-04 13:55:33,717 [main] INFO  o.s.data.repository.config.RepositoryConfigurationDelegate   : Finished Spring Data repository scanning in 127 ms. Found 4 JPA repository interfaces.
2022-03-04 13:55:35,104 [main] INFO  org.springframework.boot.web.embedded.tomcat.TomcatWebServer : Tomcat initialized with port(s): 8080 (http)
2022-03-04 13:55:35,123 [main] INFO  org.apache.coyote.http11.Http11NioProtocol                   : Initializing ProtocolHandler ["http-nio-8080"]
2022-03-04 13:55:35,124 [main] INFO  org.apache.catalina.core.StandardService                     : Starting service [Tomcat]
2022-03-04 13:55:35,125 [main] INFO  org.apache.catalina.core.StandardEngine                      : Starting Servlet engine: [Apache Tomcat/9.0.52]
2022-03-04 13:55:35,350 [main] INFO  o.a.catalina.core.ContainerBase.[Tomcat].[localhost].[/]     : Initializing Spring embedded WebApplicationContext
2022-03-04 13:55:35,351 [main] INFO  o.s.b.web.servlet.context.ServletWebServerApplicationContext : Root WebApplicationContext: initialization completed in 2952 ms
2022-03-04 13:55:35,724 [main] INFO  org.hibernate.jpa.internal.util.LogHelper                    : HHH000204: Processing PersistenceUnitInfo [name: default]
2022-03-04 13:55:35,884 [main] INFO  org.hibernate.Version                                        : HHH000412: Hibernate ORM core version 5.4.32.Final
2022-03-04 13:55:36,350 [main] INFO  org.hibernate.annotations.common.Version                     : HCANN000001: Hibernate Commons Annotations {5.1.2.Final}
2022-03-04 13:55:36,609 [main] INFO  com.zaxxer.hikari.HikariDataSource                           : HikariPool-1 - Starting...
2022-03-04 13:55:37,315 [main] INFO  com.zaxxer.hikari.HikariDataSource                           : HikariPool-1 - Start completed.
2022-03-04 13:55:37,343 [main] INFO  org.hibernate.dialect.Dialect                                : HHH000400: Using dialect: org.hibernate.dialect.PostgreSQLDialect
2022-03-04 13:55:38,646 [main] INFO  o.h.e.transaction.jta.platform.internal.JtaPlatformInitiator : HHH000490: Using JtaPlatform implementation: [org.hibernate.engine.transaction.jta.platform.internal.NoJtaPlatform]
2022-03-04 13:55:38,658 [main] INFO  o.s.orm.jpa.LocalContainerEntityManagerFactoryBean           : Initialized JPA EntityManagerFactory for persistence unit 'default'
2022-03-04 13:55:39,380 [main] WARN  o.s.b.a.orm.jpa.JpaBaseConfiguration$JpaWebConfiguration     : spring.jpa.open-in-view is enabled by default. Therefore, database queries may be performed during view rendering. Explicitly configure spring.jpa.open-in-view to disable this warning
2022-03-04 13:55:39,702 [main] INFO  org.springframework.security.web.DefaultSecurityFilterChain  : Will secure any request with [org.springframework.security.web.context.request.async.WebAsyncManagerIntegrationFilter@350bbd5d, org.springframework.security.web.context.SecurityContextPersistenceFilter@2d24cdd9, org.springframework.security.web.header.HeaderWriterFilter@2969a9a6, org.springframework.security.web.authentication.logout.LogoutFilter@7db791df, org.springframework.security.web.authentication.UsernamePasswordAuthenticationFilter@4b544732, org.springframework.security.web.authentication.ui.DefaultLoginPageGeneratingFilter@628ba266, org.springframework.security.web.authentication.ui.DefaultLogoutPageGeneratingFilter@3c3e363, org.springframework.security.web.savedrequest.RequestCacheAwareFilter@4656fcc5, org.springframework.security.web.servletapi.SecurityContextHolderAwareRequestFilter@40f9f60d, org.springframework.security.web.authentication.AnonymousAuthenticationFilter@16c5b50a, org.springframework.security.web.session.SessionManagementFilter@6182ffef, org.springframework.security.web.access.ExceptionTranslationFilter@6a51ae7c, org.springframework.security.web.access.intercept.FilterSecurityInterceptor@78288f83]
2022-03-04 13:55:40,405 [main] INFO  org.apache.coyote.http11.Http11NioProtocol                   : Starting ProtocolHandler ["http-nio-8080"]
2022-03-04 13:55:40,428 [main] INFO  org.springframework.boot.web.embedded.tomcat.TomcatWebServer : Tomcat started on port(s): 8080 (http) with context path ''
2022-03-04 13:55:40,442 [main] INFO  com.example.dem.DemApplication                               : Started DemApplication in 9.167 seconds (JVM running for 12.047)
2022-03-04 13:55:54,975 [http-nio-8080-exec-1] INFO  o.a.catalina.core.ContainerBase.[Tomcat].[localhost].[/]     : Initializing Spring DispatcherServlet 'dispatcherServlet'
2022-03-04 13:55:54,975 [http-nio-8080-exec-1] INFO  org.springframework.web.servlet.DispatcherServlet            : Initializing Servlet 'dispatcherServlet'
2022-03-04 13:55:54,976 [http-nio-8080-exec-1] INFO  org.springframework.web.servlet.DispatcherServlet            : Completed initialization in 1 ms
2022-03-04 13:56:00,115 [http-nio-8080-exec-5] INFO  com.example.dem.DemApplication                               : create user form page returned
2022-03-04 14:07:01,788 [http-nio-8080-exec-3] INFO  com.example.dem.DemApplication                               : list of all notes returned
2022-03-04 14:07:08,285 [http-nio-8080-exec-8] INFO  com.example.dem.DemApplication                               : user found: return user page
2022-03-04 14:07:24,798 [http-nio-8080-exec-2] INFO  com.example.dem.DemApplication                               : user note connection
2022-03-04 14:07:29,215 [http-nio-8080-exec-1] INFO  com.example.dem.DemApplication                               : post, note created
2022-03-04 14:07:29,231 [http-nio-8080-exec-4] INFO  com.example.dem.DemApplication                               : user found: return user page
2022-03-04 14:11:38,433 [http-nio-8080-exec-8] INFO  com.example.dem.DemApplication                               : user found: return user page
2022-03-04 14:11:39,575 [http-nio-8080-exec-9] INFO  com.example.dem.DemApplication                               : user found: return user page
2022-03-04 14:39:56,965 [SpringApplicationShutdownHook] INFO  o.s.orm.jpa.LocalContainerEntityManagerFactoryBean           : Closing JPA EntityManagerFactory for persistence unit 'default'
2022-03-04 14:39:57,014 [SpringApplicationShutdownHook] INFO  com.zaxxer.hikari.HikariDataSource                           : HikariPool-1 - Shutdown initiated...
2022-03-04 14:39:57,027 [SpringApplicationShutdownHook] INFO  com.zaxxer.hikari.HikariDataSource                           : HikariPool-1 - Shutdown completed.
2022-03-04 20:10:30,215 [main] INFO  com.example.dem.DemApplication                               : Starting DemApplication using Java 1.8.0_202 on DESKTOP-2QO6C8A with PID 23504 (C:\Users\Bekzat\Desktop\dem\dem\target\classes started by Bekzat in C:\Users\Bekzat\Desktop\dem\dem)
2022-03-04 20:10:30,218 [main] INFO  com.example.dem.DemApplication                               : No active profile set, falling back to default profiles: default
2022-03-04 20:10:31,280 [main] INFO  o.s.data.repository.config.RepositoryConfigurationDelegate   : Bootstrapping Spring Data JPA repositories in DEFAULT mode.
2022-03-04 20:10:31,425 [main] INFO  o.s.data.repository.config.RepositoryConfigurationDelegate   : Finished Spring Data repository scanning in 132 ms. Found 4 JPA repository interfaces.
2022-03-04 20:10:32,808 [main] INFO  org.springframework.boot.web.embedded.tomcat.TomcatWebServer : Tomcat initialized with port(s): 8080 (http)
2022-03-04 20:10:32,854 [main] INFO  org.apache.coyote.http11.Http11NioProtocol                   : Initializing ProtocolHandler ["http-nio-8080"]
2022-03-04 20:10:32,856 [main] INFO  org.apache.catalina.core.StandardService                     : Starting service [Tomcat]
2022-03-04 20:10:32,856 [main] INFO  org.apache.catalina.core.StandardEngine                      : Starting Servlet engine: [Apache Tomcat/9.0.52]
2022-03-04 20:10:33,002 [main] INFO  o.a.catalina.core.ContainerBase.[Tomcat].[localhost].[/]     : Initializing Spring embedded WebApplicationContext
2022-03-04 20:10:33,003 [main] INFO  o.s.b.web.servlet.context.ServletWebServerApplicationContext : Root WebApplicationContext: initialization completed in 2733 ms
2022-03-04 20:10:33,246 [main] INFO  org.hibernate.jpa.internal.util.LogHelper                    : HHH000204: Processing PersistenceUnitInfo [name: default]
2022-03-04 20:10:33,305 [main] INFO  org.hibernate.Version                                        : HHH000412: Hibernate ORM core version 5.4.32.Final
2022-03-04 20:10:33,496 [main] INFO  org.hibernate.annotations.common.Version                     : HCANN000001: Hibernate Commons Annotations {5.1.2.Final}
2022-03-04 20:10:33,709 [main] INFO  com.zaxxer.hikari.HikariDataSource                           : HikariPool-1 - Starting...
2022-03-04 20:10:34,267 [main] INFO  com.zaxxer.hikari.HikariDataSource                           : HikariPool-1 - Start completed.
2022-03-04 20:10:34,284 [main] INFO  org.hibernate.dialect.Dialect                                : HHH000400: Using dialect: org.hibernate.dialect.PostgreSQLDialect
2022-03-04 20:10:35,585 [main] INFO  o.h.e.transaction.jta.platform.internal.JtaPlatformInitiator : HHH000490: Using JtaPlatform implementation: [org.hibernate.engine.transaction.jta.platform.internal.NoJtaPlatform]
2022-03-04 20:10:35,619 [main] INFO  o.s.orm.jpa.LocalContainerEntityManagerFactoryBean           : Initialized JPA EntityManagerFactory for persistence unit 'default'
2022-03-04 20:10:36,357 [main] WARN  o.s.b.a.orm.jpa.JpaBaseConfiguration$JpaWebConfiguration     : spring.jpa.open-in-view is enabled by default. Therefore, database queries may be performed during view rendering. Explicitly configure spring.jpa.open-in-view to disable this warning
2022-03-04 20:10:36,640 [main] INFO  org.springframework.security.web.DefaultSecurityFilterChain  : Will secure any request with [org.springframework.security.web.context.request.async.WebAsyncManagerIntegrationFilter@3cd46491, org.springframework.security.web.context.SecurityContextPersistenceFilter@1bb96449, org.springframework.security.web.header.HeaderWriterFilter@5e24592e, org.springframework.security.web.authentication.logout.LogoutFilter@1b475663, org.springframework.security.web.authentication.UsernamePasswordAuthenticationFilter@6e321d9d, org.springframework.security.web.authentication.ui.DefaultLoginPageGeneratingFilter@7c3c453b, org.springframework.security.web.authentication.ui.DefaultLogoutPageGeneratingFilter@27d98bef, org.springframework.security.web.savedrequest.RequestCacheAwareFilter@d28c214, org.springframework.security.web.servletapi.SecurityContextHolderAwareRequestFilter@1d226f27, org.springframework.security.web.authentication.AnonymousAuthenticationFilter@349312d5, org.springframework.security.web.session.SessionManagementFilter@50ff7063, org.springframework.security.web.access.ExceptionTranslationFilter@acb5508, org.springframework.security.web.access.intercept.FilterSecurityInterceptor@3a5b7d7e]
2022-03-04 20:10:37,116 [main] INFO  org.apache.coyote.http11.Http11NioProtocol                   : Starting ProtocolHandler ["http-nio-8080"]
2022-03-04 20:10:37,160 [main] INFO  org.springframework.boot.web.embedded.tomcat.TomcatWebServer : Tomcat started on port(s): 8080 (http) with context path ''
2022-03-04 20:10:37,171 [main] INFO  com.example.dem.DemApplication                               : Started DemApplication in 7.523 seconds (JVM running for 9.217)
2022-03-04 20:10:54,628 [http-nio-8080-exec-1] INFO  o.a.catalina.core.ContainerBase.[Tomcat].[localhost].[/]     : Initializing Spring DispatcherServlet 'dispatcherServlet'
2022-03-04 20:10:54,628 [http-nio-8080-exec-1] INFO  org.springframework.web.servlet.DispatcherServlet            : Initializing Servlet 'dispatcherServlet'
2022-03-04 20:10:54,629 [http-nio-8080-exec-1] INFO  org.springframework.web.servlet.DispatcherServlet            : Completed initialization in 1 ms
2022-03-04 20:10:59,136 [http-nio-8080-exec-4] INFO  com.example.dem.DemApplication                               : create user form page returned
2022-03-04 20:11:47,632 [SpringApplicationShutdownHook] INFO  o.s.orm.jpa.LocalContainerEntityManagerFactoryBean           : Closing JPA EntityManagerFactory for persistence unit 'default'
2022-03-04 20:11:47,636 [SpringApplicationShutdownHook] INFO  com.zaxxer.hikari.HikariDataSource                           : HikariPool-1 - Shutdown initiated...
2022-03-04 20:11:47,655 [SpringApplicationShutdownHook] INFO  com.zaxxer.hikari.HikariDataSource                           : HikariPool-1 - Shutdown completed.
