2022-03-03 22:32:42,646 [main] INFO  com.example.dem.DemApplication                               : Starting DemApplication using Java 1.8.0_312 on Pavilion with PID 2860 (C:\Users\Pavilion\Path\Рабочий стол\trim 5\dem\target\classes started by Pavilion in C:\Users\Pavilion\Path\Рабочий стол\trim 5\dem)
2022-03-03 22:32:42,649 [main] INFO  com.example.dem.DemApplication                               : No active profile set, falling back to default profiles: default
2022-03-03 22:32:43,487 [main] INFO  o.s.data.repository.config.RepositoryConfigurationDelegate   : Bootstrapping Spring Data JPA repositories in DEFAULT mode.
2022-03-03 22:32:43,551 [main] INFO  o.s.data.repository.config.RepositoryConfigurationDelegate   : Finished Spring Data repository scanning in 55 ms. Found 4 JPA repository interfaces.
2022-03-03 22:32:44,126 [main] INFO  org.springframework.boot.web.embedded.tomcat.TomcatWebServer : Tomcat initialized with port(s): 8080 (http)
2022-03-03 22:32:44,135 [main] INFO  org.apache.coyote.http11.Http11NioProtocol                   : Initializing ProtocolHandler ["http-nio-8080"]
2022-03-03 22:32:44,136 [main] INFO  org.apache.catalina.core.StandardService                     : Starting service [Tomcat]
2022-03-03 22:32:44,137 [main] INFO  org.apache.catalina.core.StandardEngine                      : Starting Servlet engine: [Apache Tomcat/9.0.52]
2022-03-03 22:32:44,233 [main] INFO  o.a.catalina.core.ContainerBase.[Tomcat].[localhost].[/]     : Initializing Spring embedded WebApplicationContext
2022-03-03 22:32:44,233 [main] INFO  o.s.b.web.servlet.context.ServletWebServerApplicationContext : Root WebApplicationContext: initialization completed in 1527 ms
2022-03-03 22:32:44,409 [main] INFO  org.hibernate.jpa.internal.util.LogHelper                    : HHH000204: Processing PersistenceUnitInfo [name: default]
2022-03-03 22:32:44,456 [main] INFO  org.hibernate.Version                                        : HHH000412: Hibernate ORM core version 5.4.32.Final
2022-03-03 22:32:44,572 [main] INFO  org.hibernate.annotations.common.Version                     : HCANN000001: Hibernate Commons Annotations {5.1.2.Final}
2022-03-03 22:32:44,716 [main] INFO  com.zaxxer.hikari.HikariDataSource                           : HikariPool-1 - Starting...
2022-03-03 22:32:44,892 [main] INFO  com.zaxxer.hikari.HikariDataSource                           : HikariPool-1 - Start completed.
2022-03-03 22:32:44,906 [main] INFO  org.hibernate.dialect.Dialect                                : HHH000400: Using dialect: org.hibernate.dialect.PostgreSQLDialect
2022-03-03 22:32:45,798 [main] INFO  o.h.e.transaction.jta.platform.internal.JtaPlatformInitiator : HHH000490: Using JtaPlatform implementation: [org.hibernate.engine.transaction.jta.platform.internal.NoJtaPlatform]
2022-03-03 22:32:45,807 [main] INFO  o.s.orm.jpa.LocalContainerEntityManagerFactoryBean           : Initialized JPA EntityManagerFactory for persistence unit 'default'
2022-03-03 22:32:46,229 [main] WARN  o.s.b.a.orm.jpa.JpaBaseConfiguration$JpaWebConfiguration     : spring.jpa.open-in-view is enabled by default. Therefore, database queries may be performed during view rendering. Explicitly configure spring.jpa.open-in-view to disable this warning
2022-03-03 22:32:46,377 [main] INFO  org.springframework.security.web.DefaultSecurityFilterChain  : Will secure any request with [org.springframework.security.web.context.request.async.WebAsyncManagerIntegrationFilter@2b9e69fb, org.springframework.security.web.context.SecurityContextPersistenceFilter@66a82a13, org.springframework.security.web.header.HeaderWriterFilter@163e8949, org.springframework.security.web.authentication.logout.LogoutFilter@4e50ae56, org.springframework.security.web.authentication.UsernamePasswordAuthenticationFilter@43e3a390, org.springframework.security.web.authentication.ui.DefaultLoginPageGeneratingFilter@6a7a1a0d, org.springframework.security.web.authentication.ui.DefaultLogoutPageGeneratingFilter@19bfbe28, org.springframework.security.web.savedrequest.RequestCacheAwareFilter@11399548, org.springframework.security.web.servletapi.SecurityContextHolderAwareRequestFilter@58164e9a, org.springframework.security.web.authentication.AnonymousAuthenticationFilter@2c579202, org.springframework.security.web.session.SessionManagementFilter@64c25a62, org.springframework.security.web.access.ExceptionTranslationFilter@58601e7a, org.springframework.security.web.access.intercept.FilterSecurityInterceptor@40c76f5a]
2022-03-03 22:32:46,777 [main] INFO  org.apache.coyote.http11.Http11NioProtocol                   : Starting ProtocolHandler ["http-nio-8080"]
2022-03-03 22:32:46,795 [main] INFO  org.springframework.boot.web.embedded.tomcat.TomcatWebServer : Tomcat started on port(s): 8080 (http) with context path ''
2022-03-03 22:32:46,806 [main] INFO  com.example.dem.DemApplication                               : Started DemApplication in 4.67 seconds (JVM running for 5.897)
2022-03-03 22:33:08,350 [http-nio-8080-exec-1] INFO  o.a.catalina.core.ContainerBase.[Tomcat].[localhost].[/]     : Initializing Spring DispatcherServlet 'dispatcherServlet'
2022-03-03 22:33:08,350 [http-nio-8080-exec-1] INFO  org.springframework.web.servlet.DispatcherServlet            : Initializing Servlet 'dispatcherServlet'
2022-03-03 22:33:08,351 [http-nio-8080-exec-1] INFO  org.springframework.web.servlet.DispatcherServlet            : Completed initialization in 1 ms
2022-03-03 22:33:08,537 [http-nio-8080-exec-1] INFO  com.example.dem.DemApplication                               : ERROR user not found
2022-03-03 23:00:28,066 [main] INFO  com.example.dem.DemApplication                               : Starting DemApplication using Java 1.8.0_312 on Pavilion with PID 3116 (C:\Users\Pavilion\Path\Рабочий стол\trim 5\dem\target\classes started by Pavilion in C:\Users\Pavilion\Path\Рабочий стол\trim 5\dem)
2022-03-03 23:00:28,070 [main] INFO  com.example.dem.DemApplication                               : No active profile set, falling back to default profiles: default
2022-03-03 23:00:28,975 [main] INFO  o.s.data.repository.config.RepositoryConfigurationDelegate   : Bootstrapping Spring Data JPA repositories in DEFAULT mode.
2022-03-03 23:00:29,043 [main] INFO  o.s.data.repository.config.RepositoryConfigurationDelegate   : Finished Spring Data repository scanning in 59 ms. Found 4 JPA repository interfaces.
2022-03-03 23:00:29,530 [main] INFO  org.springframework.boot.web.embedded.tomcat.TomcatWebServer : Tomcat initialized with port(s): 8080 (http)
2022-03-03 23:00:29,539 [main] INFO  org.apache.coyote.http11.Http11NioProtocol                   : Initializing ProtocolHandler ["http-nio-8080"]
2022-03-03 23:00:29,540 [main] INFO  org.apache.catalina.core.StandardService                     : Starting service [Tomcat]
2022-03-03 23:00:29,540 [main] INFO  org.apache.catalina.core.StandardEngine                      : Starting Servlet engine: [Apache Tomcat/9.0.52]
2022-03-03 23:00:29,626 [main] INFO  o.a.catalina.core.ContainerBase.[Tomcat].[localhost].[/]     : Initializing Spring embedded WebApplicationContext
2022-03-03 23:00:29,626 [main] INFO  o.s.b.web.servlet.context.ServletWebServerApplicationContext : Root WebApplicationContext: initialization completed in 1461 ms
2022-03-03 23:00:29,799 [main] INFO  org.hibernate.jpa.internal.util.LogHelper                    : HHH000204: Processing PersistenceUnitInfo [name: default]
2022-03-03 23:00:29,840 [main] INFO  org.hibernate.Version                                        : HHH000412: Hibernate ORM core version 5.4.32.Final
2022-03-03 23:00:29,948 [main] INFO  org.hibernate.annotations.common.Version                     : HCANN000001: Hibernate Commons Annotations {5.1.2.Final}
2022-03-03 23:00:30,084 [main] INFO  com.zaxxer.hikari.HikariDataSource                           : HikariPool-1 - Starting...
2022-03-03 23:00:30,372 [main] INFO  com.zaxxer.hikari.HikariDataSource                           : HikariPool-1 - Start completed.
2022-03-03 23:00:30,385 [main] INFO  org.hibernate.dialect.Dialect                                : HHH000400: Using dialect: org.hibernate.dialect.PostgreSQLDialect
2022-03-03 23:00:31,271 [main] INFO  o.h.e.transaction.jta.platform.internal.JtaPlatformInitiator : HHH000490: Using JtaPlatform implementation: [org.hibernate.engine.transaction.jta.platform.internal.NoJtaPlatform]
2022-03-03 23:00:31,282 [main] INFO  o.s.orm.jpa.LocalContainerEntityManagerFactoryBean           : Initialized JPA EntityManagerFactory for persistence unit 'default'
2022-03-03 23:00:31,671 [main] WARN  o.s.b.a.orm.jpa.JpaBaseConfiguration$JpaWebConfiguration     : spring.jpa.open-in-view is enabled by default. Therefore, database queries may be performed during view rendering. Explicitly configure spring.jpa.open-in-view to disable this warning
2022-03-03 23:00:31,836 [main] INFO  org.springframework.security.web.DefaultSecurityFilterChain  : Will secure any request with [org.springframework.security.web.context.request.async.WebAsyncManagerIntegrationFilter@11c7a0b4, org.springframework.security.web.context.SecurityContextPersistenceFilter@570b2057, org.springframework.security.web.header.HeaderWriterFilter@675ec28b, org.springframework.security.web.authentication.logout.LogoutFilter@18c7f6b5, org.springframework.security.web.authentication.UsernamePasswordAuthenticationFilter@3babcaed, org.springframework.security.web.authentication.ui.DefaultLoginPageGeneratingFilter@4f26425b, org.springframework.security.web.authentication.ui.DefaultLogoutPageGeneratingFilter@75ed125a, org.springframework.security.web.savedrequest.RequestCacheAwareFilter@16a6dc21, org.springframework.security.web.servletapi.SecurityContextHolderAwareRequestFilter@184afb78, org.springframework.security.web.authentication.AnonymousAuthenticationFilter@653a5967, org.springframework.security.web.session.SessionManagementFilter@610fbe1c, org.springframework.security.web.access.ExceptionTranslationFilter@6eede35e, org.springframework.security.web.access.intercept.FilterSecurityInterceptor@7196a8f1]
2022-03-03 23:00:32,180 [main] INFO  org.apache.coyote.http11.Http11NioProtocol                   : Starting ProtocolHandler ["http-nio-8080"]
2022-03-03 23:00:32,197 [main] INFO  org.springframework.boot.web.embedded.tomcat.TomcatWebServer : Tomcat started on port(s): 8080 (http) with context path ''
2022-03-03 23:00:32,208 [main] INFO  com.example.dem.DemApplication                               : Started DemApplication in 4.736 seconds (JVM running for 5.749)
2022-03-03 23:01:28,103 [http-nio-8080-exec-1] INFO  o.a.catalina.core.ContainerBase.[Tomcat].[localhost].[/]     : Initializing Spring DispatcherServlet 'dispatcherServlet'
2022-03-03 23:01:28,103 [http-nio-8080-exec-1] INFO  org.springframework.web.servlet.DispatcherServlet            : Initializing Servlet 'dispatcherServlet'
2022-03-03 23:01:28,104 [http-nio-8080-exec-1] INFO  org.springframework.web.servlet.DispatcherServlet            : Completed initialization in 1 ms
2022-03-03 23:01:28,302 [http-nio-8080-exec-1] INFO  com.example.dem.DemApplication                               : list of friends are returned
2022-03-03 23:01:29,923 [http-nio-8080-exec-3] INFO  com.example.dem.DemApplication                               : list of users are returned
2022-03-03 23:04:53,436 [main] INFO  com.example.dem.DemApplication                               : Starting DemApplication using Java 1.8.0_312 on Pavilion with PID 15272 (C:\Users\Pavilion\Path\Рабочий стол\trim 5\dem\target\classes started by Pavilion in C:\Users\Pavilion\Path\Рабочий стол\trim 5\dem)
2022-03-03 23:04:53,438 [main] INFO  com.example.dem.DemApplication                               : No active profile set, falling back to default profiles: default
2022-03-03 23:04:54,226 [main] INFO  o.s.data.repository.config.RepositoryConfigurationDelegate   : Bootstrapping Spring Data JPA repositories in DEFAULT mode.
2022-03-03 23:04:54,296 [main] INFO  o.s.data.repository.config.RepositoryConfigurationDelegate   : Finished Spring Data repository scanning in 58 ms. Found 4 JPA repository interfaces.
2022-03-03 23:04:54,794 [main] INFO  org.springframework.boot.web.embedded.tomcat.TomcatWebServer : Tomcat initialized with port(s): 8080 (http)
2022-03-03 23:04:54,803 [main] INFO  org.apache.coyote.http11.Http11NioProtocol                   : Initializing ProtocolHandler ["http-nio-8080"]
2022-03-03 23:04:54,804 [main] INFO  org.apache.catalina.core.StandardService                     : Starting service [Tomcat]
2022-03-03 23:04:54,804 [main] INFO  org.apache.catalina.core.StandardEngine                      : Starting Servlet engine: [Apache Tomcat/9.0.52]
2022-03-03 23:04:54,887 [main] INFO  o.a.catalina.core.ContainerBase.[Tomcat].[localhost].[/]     : Initializing Spring embedded WebApplicationContext
2022-03-03 23:04:54,888 [main] INFO  o.s.b.web.servlet.context.ServletWebServerApplicationContext : Root WebApplicationContext: initialization completed in 1407 ms
2022-03-03 23:04:55,093 [main] INFO  org.hibernate.jpa.internal.util.LogHelper                    : HHH000204: Processing PersistenceUnitInfo [name: default]
2022-03-03 23:04:55,138 [main] INFO  org.hibernate.Version                                        : HHH000412: Hibernate ORM core version 5.4.32.Final
2022-03-03 23:04:55,251 [main] INFO  org.hibernate.annotations.common.Version                     : HCANN000001: Hibernate Commons Annotations {5.1.2.Final}
2022-03-03 23:04:55,387 [main] INFO  com.zaxxer.hikari.HikariDataSource                           : HikariPool-1 - Starting...
2022-03-03 23:04:55,555 [main] INFO  com.zaxxer.hikari.HikariDataSource                           : HikariPool-1 - Start completed.
2022-03-03 23:04:55,569 [main] INFO  org.hibernate.dialect.Dialect                                : HHH000400: Using dialect: org.hibernate.dialect.PostgreSQLDialect
2022-03-03 23:04:56,448 [main] INFO  o.h.e.transaction.jta.platform.internal.JtaPlatformInitiator : HHH000490: Using JtaPlatform implementation: [org.hibernate.engine.transaction.jta.platform.internal.NoJtaPlatform]
2022-03-03 23:04:56,459 [main] INFO  o.s.orm.jpa.LocalContainerEntityManagerFactoryBean           : Initialized JPA EntityManagerFactory for persistence unit 'default'
2022-03-03 23:04:56,841 [main] WARN  o.s.b.a.orm.jpa.JpaBaseConfiguration$JpaWebConfiguration     : spring.jpa.open-in-view is enabled by default. Therefore, database queries may be performed during view rendering. Explicitly configure spring.jpa.open-in-view to disable this warning
2022-03-03 23:04:57,001 [main] INFO  org.springframework.security.web.DefaultSecurityFilterChain  : Will secure any request with [org.springframework.security.web.context.request.async.WebAsyncManagerIntegrationFilter@6b09ce57, org.springframework.security.web.context.SecurityContextPersistenceFilter@59f45950, org.springframework.security.web.header.HeaderWriterFilter@570b2057, org.springframework.security.web.authentication.logout.LogoutFilter@474e34e4, org.springframework.security.web.authentication.UsernamePasswordAuthenticationFilter@11c7a0b4, org.springframework.security.web.authentication.ui.DefaultLoginPageGeneratingFilter@4ebd6fd6, org.springframework.security.web.authentication.ui.DefaultLogoutPageGeneratingFilter@5c4f4330, org.springframework.security.web.savedrequest.RequestCacheAwareFilter@58164e9a, org.springframework.security.web.servletapi.SecurityContextHolderAwareRequestFilter@40dd552c, org.springframework.security.web.authentication.AnonymousAuthenticationFilter@2b9aeedb, org.springframework.security.web.session.SessionManagementFilter@16a6dc21, org.springframework.security.web.access.ExceptionTranslationFilter@675ec28b, org.springframework.security.web.access.intercept.FilterSecurityInterceptor@44aa91e2]
2022-03-03 23:04:57,350 [main] INFO  org.apache.coyote.http11.Http11NioProtocol                   : Starting ProtocolHandler ["http-nio-8080"]
2022-03-03 23:04:57,367 [main] INFO  org.springframework.boot.web.embedded.tomcat.TomcatWebServer : Tomcat started on port(s): 8080 (http) with context path ''
2022-03-03 23:04:57,377 [main] INFO  com.example.dem.DemApplication                               : Started DemApplication in 4.421 seconds (JVM running for 5.461)
2022-03-03 23:05:01,583 [http-nio-8080-exec-1] INFO  o.a.catalina.core.ContainerBase.[Tomcat].[localhost].[/]     : Initializing Spring DispatcherServlet 'dispatcherServlet'
2022-03-03 23:05:01,584 [http-nio-8080-exec-1] INFO  org.springframework.web.servlet.DispatcherServlet            : Initializing Servlet 'dispatcherServlet'
2022-03-03 23:05:01,585 [http-nio-8080-exec-1] INFO  org.springframework.web.servlet.DispatcherServlet            : Completed initialization in 1 ms
2022-03-03 23:05:01,637 [http-nio-8080-exec-1] INFO  com.example.dem.DemApplication                               : create user form page returned
2022-03-03 23:05:32,529 [http-nio-8080-exec-3] INFO  com.example.dem.DemApplication                               : create user form page returned
2022-03-03 23:05:33,046 [http-nio-8080-exec-5] INFO  com.example.dem.DemApplication                               : create user form page returned
2022-03-03 23:05:33,350 [http-nio-8080-exec-7] INFO  com.example.dem.DemApplication                               : create user form page returned
2022-03-03 23:05:33,550 [http-nio-8080-exec-9] INFO  com.example.dem.DemApplication                               : create user form page returned
2022-03-03 23:05:40,456 [main] INFO  com.example.dem.DemApplication                               : Starting DemApplication using Java 1.8.0_312 on Pavilion with PID 9348 (C:\Users\Pavilion\Path\Рабочий стол\trim 5\dem\target\classes started by Pavilion in C:\Users\Pavilion\Path\Рабочий стол\trim 5\dem)
2022-03-03 23:05:40,459 [main] INFO  com.example.dem.DemApplication                               : No active profile set, falling back to default profiles: default
2022-03-03 23:05:41,344 [main] INFO  o.s.data.repository.config.RepositoryConfigurationDelegate   : Bootstrapping Spring Data JPA repositories in DEFAULT mode.
2022-03-03 23:05:41,418 [main] INFO  o.s.data.repository.config.RepositoryConfigurationDelegate   : Finished Spring Data repository scanning in 63 ms. Found 4 JPA repository interfaces.
2022-03-03 23:05:41,931 [main] INFO  org.springframework.boot.web.embedded.tomcat.TomcatWebServer : Tomcat initialized with port(s): 8080 (http)
2022-03-03 23:05:41,939 [main] INFO  org.apache.coyote.http11.Http11NioProtocol                   : Initializing ProtocolHandler ["http-nio-8080"]
2022-03-03 23:05:41,940 [main] INFO  org.apache.catalina.core.StandardService                     : Starting service [Tomcat]
2022-03-03 23:05:41,940 [main] INFO  org.apache.catalina.core.StandardEngine                      : Starting Servlet engine: [Apache Tomcat/9.0.52]
2022-03-03 23:05:42,030 [main] INFO  o.a.catalina.core.ContainerBase.[Tomcat].[localhost].[/]     : Initializing Spring embedded WebApplicationContext
2022-03-03 23:05:42,030 [main] INFO  o.s.b.web.servlet.context.ServletWebServerApplicationContext : Root WebApplicationContext: initialization completed in 1512 ms
2022-03-03 23:05:42,198 [main] INFO  org.hibernate.jpa.internal.util.LogHelper                    : HHH000204: Processing PersistenceUnitInfo [name: default]
2022-03-03 23:05:42,241 [main] INFO  org.hibernate.Version                                        : HHH000412: Hibernate ORM core version 5.4.32.Final
2022-03-03 23:05:42,352 [main] INFO  org.hibernate.annotations.common.Version                     : HCANN000001: Hibernate Commons Annotations {5.1.2.Final}
2022-03-03 23:05:42,495 [main] INFO  com.zaxxer.hikari.HikariDataSource                           : HikariPool-1 - Starting...
2022-03-03 23:05:42,661 [main] INFO  com.zaxxer.hikari.HikariDataSource                           : HikariPool-1 - Start completed.
2022-03-03 23:05:42,676 [main] INFO  org.hibernate.dialect.Dialect                                : HHH000400: Using dialect: org.hibernate.dialect.PostgreSQLDialect
2022-03-03 23:05:43,551 [main] INFO  o.h.e.transaction.jta.platform.internal.JtaPlatformInitiator : HHH000490: Using JtaPlatform implementation: [org.hibernate.engine.transaction.jta.platform.internal.NoJtaPlatform]
2022-03-03 23:05:43,560 [main] INFO  o.s.orm.jpa.LocalContainerEntityManagerFactoryBean           : Initialized JPA EntityManagerFactory for persistence unit 'default'
2022-03-03 23:05:43,989 [main] WARN  o.s.b.a.orm.jpa.JpaBaseConfiguration$JpaWebConfiguration     : spring.jpa.open-in-view is enabled by default. Therefore, database queries may be performed during view rendering. Explicitly configure spring.jpa.open-in-view to disable this warning
2022-03-03 23:05:44,128 [main] INFO  org.springframework.security.web.DefaultSecurityFilterChain  : Will secure any request with [org.springframework.security.web.context.request.async.WebAsyncManagerIntegrationFilter@49ced9c7, org.springframework.security.web.context.SecurityContextPersistenceFilter@610fbe1c, org.springframework.security.web.header.HeaderWriterFilter@43e8f1c, org.springframework.security.web.authentication.logout.LogoutFilter@91a2543, org.springframework.security.web.authentication.UsernamePasswordAuthenticationFilter@650a1aff, org.springframework.security.web.authentication.ui.DefaultLoginPageGeneratingFilter@184afb78, org.springframework.security.web.authentication.ui.DefaultLogoutPageGeneratingFilter@11c7a0b4, org.springframework.security.web.savedrequest.RequestCacheAwareFilter@570b2057, org.springframework.security.web.servletapi.SecurityContextHolderAwareRequestFilter@1c6e3ff9, org.springframework.security.web.authentication.AnonymousAuthenticationFilter@75ed125a, org.springframework.security.web.session.SessionManagementFilter@675ec28b, org.springframework.security.web.access.ExceptionTranslationFilter@4ef5dd23, org.springframework.security.web.access.intercept.FilterSecurityInterceptor@ad0bb4e]
2022-03-03 23:05:44,510 [main] INFO  org.apache.coyote.http11.Http11NioProtocol                   : Starting ProtocolHandler ["http-nio-8080"]
2022-03-03 23:05:44,528 [main] INFO  org.springframework.boot.web.embedded.tomcat.TomcatWebServer : Tomcat started on port(s): 8080 (http) with context path ''
2022-03-03 23:05:44,539 [main] INFO  com.example.dem.DemApplication                               : Started DemApplication in 4.675 seconds (JVM running for 5.988)
2022-03-03 23:05:53,612 [http-nio-8080-exec-1] INFO  o.a.catalina.core.ContainerBase.[Tomcat].[localhost].[/]     : Initializing Spring DispatcherServlet 'dispatcherServlet'
2022-03-03 23:05:53,612 [http-nio-8080-exec-1] INFO  org.springframework.web.servlet.DispatcherServlet            : Initializing Servlet 'dispatcherServlet'
2022-03-03 23:05:53,613 [http-nio-8080-exec-1] INFO  org.springframework.web.servlet.DispatcherServlet            : Completed initialization in 1 ms
2022-03-03 23:05:53,665 [http-nio-8080-exec-1] INFO  com.example.dem.DemApplication                               : create user form page returned
2022-03-03 23:06:39,329 [http-nio-8080-exec-5] INFO  com.example.dem.DemApplication                               : create user form page returned
2022-03-03 23:19:41,195 [main] INFO  com.example.dem.DemApplication                               : Starting DemApplication using Java 1.8.0_312 on Pavilion with PID 14132 (C:\Users\Pavilion\Path\Рабочий стол\trim 5\dem\target\classes started by Pavilion in C:\Users\Pavilion\Path\Рабочий стол\trim 5\dem)
2022-03-03 23:19:41,200 [main] INFO  com.example.dem.DemApplication                               : No active profile set, falling back to default profiles: default
2022-03-03 23:19:41,985 [main] INFO  o.s.data.repository.config.RepositoryConfigurationDelegate   : Bootstrapping Spring Data JPA repositories in DEFAULT mode.
2022-03-03 23:19:42,050 [main] INFO  o.s.data.repository.config.RepositoryConfigurationDelegate   : Finished Spring Data repository scanning in 56 ms. Found 4 JPA repository interfaces.
2022-03-03 23:19:42,543 [main] INFO  org.springframework.boot.web.embedded.tomcat.TomcatWebServer : Tomcat initialized with port(s): 8080 (http)
2022-03-03 23:19:42,551 [main] INFO  org.apache.coyote.http11.Http11NioProtocol                   : Initializing ProtocolHandler ["http-nio-8080"]
2022-03-03 23:19:42,551 [main] INFO  org.apache.catalina.core.StandardService                     : Starting service [Tomcat]
2022-03-03 23:19:42,552 [main] INFO  org.apache.catalina.core.StandardEngine                      : Starting Servlet engine: [Apache Tomcat/9.0.52]
2022-03-03 23:19:42,632 [main] INFO  o.a.catalina.core.ContainerBase.[Tomcat].[localhost].[/]     : Initializing Spring embedded WebApplicationContext
2022-03-03 23:19:42,632 [main] INFO  o.s.b.web.servlet.context.ServletWebServerApplicationContext : Root WebApplicationContext: initialization completed in 1363 ms
2022-03-03 23:19:42,851 [main] INFO  org.hibernate.jpa.internal.util.LogHelper                    : HHH000204: Processing PersistenceUnitInfo [name: default]
2022-03-03 23:19:42,893 [main] INFO  org.hibernate.Version                                        : HHH000412: Hibernate ORM core version 5.4.32.Final
2022-03-03 23:19:43,001 [main] INFO  org.hibernate.annotations.common.Version                     : HCANN000001: Hibernate Commons Annotations {5.1.2.Final}
2022-03-03 23:19:43,136 [main] INFO  com.zaxxer.hikari.HikariDataSource                           : HikariPool-1 - Starting...
2022-03-03 23:19:43,303 [main] INFO  com.zaxxer.hikari.HikariDataSource                           : HikariPool-1 - Start completed.
2022-03-03 23:19:43,317 [main] INFO  org.hibernate.dialect.Dialect                                : HHH000400: Using dialect: org.hibernate.dialect.PostgreSQLDialect
2022-03-03 23:19:44,228 [main] INFO  o.h.e.transaction.jta.platform.internal.JtaPlatformInitiator : HHH000490: Using JtaPlatform implementation: [org.hibernate.engine.transaction.jta.platform.internal.NoJtaPlatform]
2022-03-03 23:19:44,238 [main] INFO  o.s.orm.jpa.LocalContainerEntityManagerFactoryBean           : Initialized JPA EntityManagerFactory for persistence unit 'default'
2022-03-03 23:19:44,632 [main] WARN  o.s.b.a.orm.jpa.JpaBaseConfiguration$JpaWebConfiguration     : spring.jpa.open-in-view is enabled by default. Therefore, database queries may be performed during view rendering. Explicitly configure spring.jpa.open-in-view to disable this warning
2022-03-03 23:19:44,789 [main] INFO  org.springframework.security.web.DefaultSecurityFilterChain  : Will secure any request with [org.springframework.security.web.context.request.async.WebAsyncManagerIntegrationFilter@44aa91e2, org.springframework.security.web.context.SecurityContextPersistenceFilter@163e8949, org.springframework.security.web.header.HeaderWriterFilter@58601e7a, org.springframework.security.web.authentication.logout.LogoutFilter@5e5a8718, org.springframework.security.web.authentication.UsernamePasswordAuthenticationFilter@7196a8f1, org.springframework.security.web.authentication.ui.DefaultLoginPageGeneratingFilter@59f45950, org.springframework.security.web.authentication.ui.DefaultLogoutPageGeneratingFilter@50dc49e1, org.springframework.security.web.savedrequest.RequestCacheAwareFilter@64c25a62, org.springframework.security.web.servletapi.SecurityContextHolderAwareRequestFilter@16a6dc21, org.springframework.security.web.authentication.AnonymousAuthenticationFilter@650a1aff, org.springframework.security.web.session.SessionManagementFilter@7aae1170, org.springframework.security.web.access.ExceptionTranslationFilter@55adcf9e, org.springframework.security.web.access.intercept.FilterSecurityInterceptor@75ad30c1]
2022-03-03 23:19:45,150 [main] INFO  org.apache.coyote.http11.Http11NioProtocol                   : Starting ProtocolHandler ["http-nio-8080"]
2022-03-03 23:19:45,168 [main] INFO  org.springframework.boot.web.embedded.tomcat.TomcatWebServer : Tomcat started on port(s): 8080 (http) with context path ''
2022-03-03 23:19:45,179 [main] INFO  com.example.dem.DemApplication                               : Started DemApplication in 4.558 seconds (JVM running for 5.609)
2022-03-03 23:19:47,072 [http-nio-8080-exec-1] INFO  o.a.catalina.core.ContainerBase.[Tomcat].[localhost].[/]     : Initializing Spring DispatcherServlet 'dispatcherServlet'
2022-03-03 23:19:47,073 [http-nio-8080-exec-1] INFO  org.springframework.web.servlet.DispatcherServlet            : Initializing Servlet 'dispatcherServlet'
2022-03-03 23:19:47,074 [http-nio-8080-exec-1] INFO  org.springframework.web.servlet.DispatcherServlet            : Completed initialization in 1 ms
2022-03-03 23:19:47,125 [http-nio-8080-exec-1] INFO  com.example.dem.DemApplication                               : create user form page returned
2022-03-03 23:19:51,183 [http-nio-8080-exec-3] INFO  com.example.dem.DemApplication                               : create user form page returned
2022-03-03 23:23:21,983 [main] INFO  com.example.dem.DemApplication                               : Starting DemApplication using Java 1.8.0_312 on Pavilion with PID 184 (C:\Users\Pavilion\Path\Рабочий стол\trim 5\dem\target\classes started by Pavilion in C:\Users\Pavilion\Path\Рабочий стол\trim 5\dem)
2022-03-03 23:23:21,986 [main] INFO  com.example.dem.DemApplication                               : No active profile set, falling back to default profiles: default
2022-03-03 23:23:22,724 [main] INFO  o.s.data.repository.config.RepositoryConfigurationDelegate   : Bootstrapping Spring Data JPA repositories in DEFAULT mode.
2022-03-03 23:23:22,791 [main] INFO  o.s.data.repository.config.RepositoryConfigurationDelegate   : Finished Spring Data repository scanning in 58 ms. Found 4 JPA repository interfaces.
2022-03-03 23:23:23,279 [main] INFO  org.springframework.boot.web.embedded.tomcat.TomcatWebServer : Tomcat initialized with port(s): 8080 (http)
2022-03-03 23:23:23,287 [main] INFO  org.apache.coyote.http11.Http11NioProtocol                   : Initializing ProtocolHandler ["http-nio-8080"]
2022-03-03 23:23:23,287 [main] INFO  org.apache.catalina.core.StandardService                     : Starting service [Tomcat]
2022-03-03 23:23:23,287 [main] INFO  org.apache.catalina.core.StandardEngine                      : Starting Servlet engine: [Apache Tomcat/9.0.52]
2022-03-03 23:23:23,367 [main] INFO  o.a.catalina.core.ContainerBase.[Tomcat].[localhost].[/]     : Initializing Spring embedded WebApplicationContext
2022-03-03 23:23:23,368 [main] INFO  o.s.b.web.servlet.context.ServletWebServerApplicationContext : Root WebApplicationContext: initialization completed in 1321 ms
2022-03-03 23:23:23,538 [main] INFO  org.hibernate.jpa.internal.util.LogHelper                    : HHH000204: Processing PersistenceUnitInfo [name: default]
2022-03-03 23:23:23,579 [main] INFO  org.hibernate.Version                                        : HHH000412: Hibernate ORM core version 5.4.32.Final
2022-03-03 23:23:23,686 [main] INFO  org.hibernate.annotations.common.Version                     : HCANN000001: Hibernate Commons Annotations {5.1.2.Final}
2022-03-03 23:23:23,818 [main] INFO  com.zaxxer.hikari.HikariDataSource                           : HikariPool-1 - Starting...
2022-03-03 23:23:23,987 [main] INFO  com.zaxxer.hikari.HikariDataSource                           : HikariPool-1 - Start completed.
2022-03-03 23:23:24,006 [main] INFO  org.hibernate.dialect.Dialect                                : HHH000400: Using dialect: org.hibernate.dialect.PostgreSQLDialect
2022-03-03 23:23:24,888 [main] INFO  o.h.e.transaction.jta.platform.internal.JtaPlatformInitiator : HHH000490: Using JtaPlatform implementation: [org.hibernate.engine.transaction.jta.platform.internal.NoJtaPlatform]
2022-03-03 23:23:24,898 [main] INFO  o.s.orm.jpa.LocalContainerEntityManagerFactoryBean           : Initialized JPA EntityManagerFactory for persistence unit 'default'
2022-03-03 23:23:25,317 [main] WARN  o.s.b.a.orm.jpa.JpaBaseConfiguration$JpaWebConfiguration     : spring.jpa.open-in-view is enabled by default. Therefore, database queries may be performed during view rendering. Explicitly configure spring.jpa.open-in-view to disable this warning
2022-03-03 23:23:25,454 [main] INFO  org.springframework.security.web.DefaultSecurityFilterChain  : Will secure any request with [org.springframework.security.web.context.request.async.WebAsyncManagerIntegrationFilter@49ced9c7, org.springframework.security.web.context.SecurityContextPersistenceFilter@610fbe1c, org.springframework.security.web.header.HeaderWriterFilter@43e8f1c, org.springframework.security.web.authentication.logout.LogoutFilter@91a2543, org.springframework.security.web.authentication.UsernamePasswordAuthenticationFilter@650a1aff, org.springframework.security.web.authentication.ui.DefaultLoginPageGeneratingFilter@184afb78, org.springframework.security.web.authentication.ui.DefaultLogoutPageGeneratingFilter@11c7a0b4, org.springframework.security.web.savedrequest.RequestCacheAwareFilter@570b2057, org.springframework.security.web.servletapi.SecurityContextHolderAwareRequestFilter@1c6e3ff9, org.springframework.security.web.authentication.AnonymousAuthenticationFilter@75ed125a, org.springframework.security.web.session.SessionManagementFilter@675ec28b, org.springframework.security.web.access.ExceptionTranslationFilter@4ef5dd23, org.springframework.security.web.access.intercept.FilterSecurityInterceptor@ad0bb4e]
2022-03-03 23:23:25,799 [main] INFO  org.apache.coyote.http11.Http11NioProtocol                   : Starting ProtocolHandler ["http-nio-8080"]
2022-03-03 23:23:25,816 [main] INFO  org.springframework.boot.web.embedded.tomcat.TomcatWebServer : Tomcat started on port(s): 8080 (http) with context path ''
2022-03-03 23:23:25,827 [main] INFO  com.example.dem.DemApplication                               : Started DemApplication in 4.349 seconds (JVM running for 5.402)
2022-03-03 23:23:29,204 [http-nio-8080-exec-1] INFO  o.a.catalina.core.ContainerBase.[Tomcat].[localhost].[/]     : Initializing Spring DispatcherServlet 'dispatcherServlet'
2022-03-03 23:23:29,205 [http-nio-8080-exec-1] INFO  org.springframework.web.servlet.DispatcherServlet            : Initializing Servlet 'dispatcherServlet'
2022-03-03 23:23:29,206 [http-nio-8080-exec-1] INFO  org.springframework.web.servlet.DispatcherServlet            : Completed initialization in 1 ms
2022-03-03 23:23:29,255 [http-nio-8080-exec-1] INFO  com.example.dem.DemApplication                               : create user form page returned
2022-03-03 23:24:45,085 [main] INFO  com.example.dem.DemApplication                               : Starting DemApplication using Java 1.8.0_312 on Pavilion with PID 14008 (C:\Users\Pavilion\Path\Рабочий стол\trim 5\dem\target\classes started by Pavilion in C:\Users\Pavilion\Path\Рабочий стол\trim 5\dem)
2022-03-03 23:24:45,087 [main] INFO  com.example.dem.DemApplication                               : No active profile set, falling back to default profiles: default
2022-03-03 23:24:45,828 [main] INFO  o.s.data.repository.config.RepositoryConfigurationDelegate   : Bootstrapping Spring Data JPA repositories in DEFAULT mode.
2022-03-03 23:24:45,891 [main] INFO  o.s.data.repository.config.RepositoryConfigurationDelegate   : Finished Spring Data repository scanning in 54 ms. Found 4 JPA repository interfaces.
2022-03-03 23:24:46,364 [main] INFO  org.springframework.boot.web.embedded.tomcat.TomcatWebServer : Tomcat initialized with port(s): 8080 (http)
2022-03-03 23:24:46,373 [main] INFO  org.apache.coyote.http11.Http11NioProtocol                   : Initializing ProtocolHandler ["http-nio-8080"]
2022-03-03 23:24:46,374 [main] INFO  org.apache.catalina.core.StandardService                     : Starting service [Tomcat]
2022-03-03 23:24:46,374 [main] INFO  org.apache.catalina.core.StandardEngine                      : Starting Servlet engine: [Apache Tomcat/9.0.52]
2022-03-03 23:24:46,453 [main] INFO  o.a.catalina.core.ContainerBase.[Tomcat].[localhost].[/]     : Initializing Spring embedded WebApplicationContext
2022-03-03 23:24:46,453 [main] INFO  o.s.b.web.servlet.context.ServletWebServerApplicationContext : Root WebApplicationContext: initialization completed in 1311 ms
2022-03-03 23:24:46,623 [main] INFO  org.hibernate.jpa.internal.util.LogHelper                    : HHH000204: Processing PersistenceUnitInfo [name: default]
2022-03-03 23:24:46,667 [main] INFO  org.hibernate.Version                                        : HHH000412: Hibernate ORM core version 5.4.32.Final
2022-03-03 23:24:46,814 [main] INFO  org.hibernate.annotations.common.Version                     : HCANN000001: Hibernate Commons Annotations {5.1.2.Final}
2022-03-03 23:24:46,954 [main] INFO  com.zaxxer.hikari.HikariDataSource                           : HikariPool-1 - Starting...
2022-03-03 23:24:47,118 [main] INFO  com.zaxxer.hikari.HikariDataSource                           : HikariPool-1 - Start completed.
2022-03-03 23:24:47,131 [main] INFO  org.hibernate.dialect.Dialect                                : HHH000400: Using dialect: org.hibernate.dialect.PostgreSQLDialect
2022-03-03 23:24:48,007 [main] INFO  o.h.e.transaction.jta.platform.internal.JtaPlatformInitiator : HHH000490: Using JtaPlatform implementation: [org.hibernate.engine.transaction.jta.platform.internal.NoJtaPlatform]
2022-03-03 23:24:48,017 [main] INFO  o.s.orm.jpa.LocalContainerEntityManagerFactoryBean           : Initialized JPA EntityManagerFactory for persistence unit 'default'
2022-03-03 23:24:48,417 [main] WARN  o.s.b.a.orm.jpa.JpaBaseConfiguration$JpaWebConfiguration     : spring.jpa.open-in-view is enabled by default. Therefore, database queries may be performed during view rendering. Explicitly configure spring.jpa.open-in-view to disable this warning
2022-03-03 23:24:48,573 [main] INFO  org.springframework.security.web.DefaultSecurityFilterChain  : Will secure any request with [org.springframework.security.web.context.request.async.WebAsyncManagerIntegrationFilter@44aa91e2, org.springframework.security.web.context.SecurityContextPersistenceFilter@6eede35e, org.springframework.security.web.header.HeaderWriterFilter@62735b13, org.springframework.security.web.authentication.logout.LogoutFilter@7404ddca, org.springframework.security.web.authentication.UsernamePasswordAuthenticationFilter@7196a8f1, org.springframework.security.web.authentication.ui.DefaultLoginPageGeneratingFilter@7871d261, org.springframework.security.web.authentication.ui.DefaultLogoutPageGeneratingFilter@50dc49e1, org.springframework.security.web.savedrequest.RequestCacheAwareFilter@43e8f1c, org.springframework.security.web.servletapi.SecurityContextHolderAwareRequestFilter@5773d271, org.springframework.security.web.authentication.AnonymousAuthenticationFilter@650a1aff, org.springframework.security.web.session.SessionManagementFilter@4ef5dd23, org.springframework.security.web.access.ExceptionTranslationFilter@1515f782, org.springframework.security.web.access.intercept.FilterSecurityInterceptor@75ad30c1]
2022-03-03 23:24:48,978 [main] INFO  org.apache.coyote.http11.Http11NioProtocol                   : Starting ProtocolHandler ["http-nio-8080"]
2022-03-03 23:24:48,995 [main] INFO  org.springframework.boot.web.embedded.tomcat.TomcatWebServer : Tomcat started on port(s): 8080 (http) with context path ''
2022-03-03 23:24:49,005 [main] INFO  com.example.dem.DemApplication                               : Started DemApplication in 4.397 seconds (JVM running for 5.491)
2022-03-03 23:24:51,591 [http-nio-8080-exec-1] INFO  o.a.catalina.core.ContainerBase.[Tomcat].[localhost].[/]     : Initializing Spring DispatcherServlet 'dispatcherServlet'
2022-03-03 23:24:51,591 [http-nio-8080-exec-1] INFO  org.springframework.web.servlet.DispatcherServlet            : Initializing Servlet 'dispatcherServlet'
2022-03-03 23:24:51,592 [http-nio-8080-exec-1] INFO  org.springframework.web.servlet.DispatcherServlet            : Completed initialization in 1 ms
2022-03-03 23:24:51,641 [http-nio-8080-exec-1] INFO  com.example.dem.DemApplication                               : create user form page returned
2022-03-03 23:24:53,118 [http-nio-8080-exec-2] INFO  com.example.dem.DemApplication                               : create user form page returned
2022-03-03 23:25:34,335 [main] INFO  com.example.dem.DemApplication                               : Starting DemApplication using Java 1.8.0_312 on Pavilion with PID 11524 (C:\Users\Pavilion\Path\Рабочий стол\trim 5\dem\target\classes started by Pavilion in C:\Users\Pavilion\Path\Рабочий стол\trim 5\dem)
2022-03-03 23:25:34,338 [main] INFO  com.example.dem.DemApplication                               : No active profile set, falling back to default profiles: default
2022-03-03 23:25:35,101 [main] INFO  o.s.data.repository.config.RepositoryConfigurationDelegate   : Bootstrapping Spring Data JPA repositories in DEFAULT mode.
2022-03-03 23:25:35,175 [main] INFO  o.s.data.repository.config.RepositoryConfigurationDelegate   : Finished Spring Data repository scanning in 64 ms. Found 4 JPA repository interfaces.
2022-03-03 23:25:35,665 [main] INFO  org.springframework.boot.web.embedded.tomcat.TomcatWebServer : Tomcat initialized with port(s): 8080 (http)
2022-03-03 23:25:35,674 [main] INFO  org.apache.coyote.http11.Http11NioProtocol                   : Initializing ProtocolHandler ["http-nio-8080"]
2022-03-03 23:25:35,675 [main] INFO  org.apache.catalina.core.StandardService                     : Starting service [Tomcat]
2022-03-03 23:25:35,675 [main] INFO  org.apache.catalina.core.StandardEngine                      : Starting Servlet engine: [Apache Tomcat/9.0.52]
2022-03-03 23:25:35,758 [main] INFO  o.a.catalina.core.ContainerBase.[Tomcat].[localhost].[/]     : Initializing Spring embedded WebApplicationContext
2022-03-03 23:25:35,759 [main] INFO  o.s.b.web.servlet.context.ServletWebServerApplicationContext : Root WebApplicationContext: initialization completed in 1369 ms
2022-03-03 23:25:35,923 [main] INFO  org.hibernate.jpa.internal.util.LogHelper                    : HHH000204: Processing PersistenceUnitInfo [name: default]
2022-03-03 23:25:35,972 [main] INFO  org.hibernate.Version                                        : HHH000412: Hibernate ORM core version 5.4.32.Final
2022-03-03 23:25:36,090 [main] INFO  org.hibernate.annotations.common.Version                     : HCANN000001: Hibernate Commons Annotations {5.1.2.Final}
2022-03-03 23:25:36,222 [main] INFO  com.zaxxer.hikari.HikariDataSource                           : HikariPool-1 - Starting...
2022-03-03 23:25:36,386 [main] INFO  com.zaxxer.hikari.HikariDataSource                           : HikariPool-1 - Start completed.
2022-03-03 23:25:36,399 [main] INFO  org.hibernate.dialect.Dialect                                : HHH000400: Using dialect: org.hibernate.dialect.PostgreSQLDialect
2022-03-03 23:25:37,312 [main] INFO  o.h.e.transaction.jta.platform.internal.JtaPlatformInitiator : HHH000490: Using JtaPlatform implementation: [org.hibernate.engine.transaction.jta.platform.internal.NoJtaPlatform]
2022-03-03 23:25:37,321 [main] INFO  o.s.orm.jpa.LocalContainerEntityManagerFactoryBean           : Initialized JPA EntityManagerFactory for persistence unit 'default'
2022-03-03 23:25:37,725 [main] WARN  o.s.b.a.orm.jpa.JpaBaseConfiguration$JpaWebConfiguration     : spring.jpa.open-in-view is enabled by default. Therefore, database queries may be performed during view rendering. Explicitly configure spring.jpa.open-in-view to disable this warning
2022-03-03 23:25:37,939 [main] INFO  org.springframework.security.web.DefaultSecurityFilterChain  : Will secure any request with [org.springframework.security.web.context.request.async.WebAsyncManagerIntegrationFilter@50dc49e1, org.springframework.security.web.context.SecurityContextPersistenceFilter@6eede35e, org.springframework.security.web.header.HeaderWriterFilter@62735b13, org.springframework.security.web.authentication.logout.LogoutFilter@7404ddca, org.springframework.security.web.authentication.UsernamePasswordAuthenticationFilter@6a6da47a, org.springframework.security.web.authentication.ui.DefaultLoginPageGeneratingFilter@7871d261, org.springframework.security.web.authentication.ui.DefaultLogoutPageGeneratingFilter@650a1aff, org.springframework.security.web.savedrequest.RequestCacheAwareFilter@43e8f1c, org.springframework.security.web.servletapi.SecurityContextHolderAwareRequestFilter@5773d271, org.springframework.security.web.authentication.AnonymousAuthenticationFilter@3babcaed, org.springframework.security.web.session.SessionManagementFilter@4ef5dd23, org.springframework.security.web.access.ExceptionTranslationFilter@1515f782, org.springframework.security.web.access.intercept.FilterSecurityInterceptor@fe8aaeb]
2022-03-03 23:25:38,416 [main] INFO  org.apache.coyote.http11.Http11NioProtocol                   : Starting ProtocolHandler ["http-nio-8080"]
2022-03-03 23:25:38,437 [main] INFO  org.springframework.boot.web.embedded.tomcat.TomcatWebServer : Tomcat started on port(s): 8080 (http) with context path ''
2022-03-03 23:25:38,451 [main] INFO  com.example.dem.DemApplication                               : Started DemApplication in 4.585 seconds (JVM running for 5.571)
2022-03-03 23:25:40,709 [http-nio-8080-exec-1] INFO  o.a.catalina.core.ContainerBase.[Tomcat].[localhost].[/]     : Initializing Spring DispatcherServlet 'dispatcherServlet'
2022-03-03 23:25:40,710 [http-nio-8080-exec-1] INFO  org.springframework.web.servlet.DispatcherServlet            : Initializing Servlet 'dispatcherServlet'
2022-03-03 23:25:40,711 [http-nio-8080-exec-1] INFO  org.springframework.web.servlet.DispatcherServlet            : Completed initialization in 1 ms
2022-03-03 23:25:40,765 [http-nio-8080-exec-1] INFO  com.example.dem.DemApplication                               : create user form page returned
2022-03-03 23:25:42,095 [http-nio-8080-exec-3] INFO  com.example.dem.DemApplication                               : create user form page returned
2022-03-03 23:26:59,638 [main] INFO  com.example.dem.DemApplication                               : Starting DemApplication using Java 1.8.0_312 on Pavilion with PID 5372 (C:\Users\Pavilion\Path\Рабочий стол\trim 5\dem\target\classes started by Pavilion in C:\Users\Pavilion\Path\Рабочий стол\trim 5\dem)
2022-03-03 23:26:59,641 [main] INFO  com.example.dem.DemApplication                               : No active profile set, falling back to default profiles: default
2022-03-03 23:27:00,422 [main] INFO  o.s.data.repository.config.RepositoryConfigurationDelegate   : Bootstrapping Spring Data JPA repositories in DEFAULT mode.
2022-03-03 23:27:00,494 [main] INFO  o.s.data.repository.config.RepositoryConfigurationDelegate   : Finished Spring Data repository scanning in 61 ms. Found 4 JPA repository interfaces.
2022-03-03 23:27:01,006 [main] INFO  org.springframework.boot.web.embedded.tomcat.TomcatWebServer : Tomcat initialized with port(s): 8080 (http)
2022-03-03 23:27:01,015 [main] INFO  org.apache.coyote.http11.Http11NioProtocol                   : Initializing ProtocolHandler ["http-nio-8080"]
2022-03-03 23:27:01,015 [main] INFO  org.apache.catalina.core.StandardService                     : Starting service [Tomcat]
2022-03-03 23:27:01,016 [main] INFO  org.apache.catalina.core.StandardEngine                      : Starting Servlet engine: [Apache Tomcat/9.0.52]
2022-03-03 23:27:01,107 [main] INFO  o.a.catalina.core.ContainerBase.[Tomcat].[localhost].[/]     : Initializing Spring embedded WebApplicationContext
2022-03-03 23:27:01,108 [main] INFO  o.s.b.web.servlet.context.ServletWebServerApplicationContext : Root WebApplicationContext: initialization completed in 1409 ms
2022-03-03 23:27:01,271 [main] INFO  org.hibernate.jpa.internal.util.LogHelper                    : HHH000204: Processing PersistenceUnitInfo [name: default]
2022-03-03 23:27:01,314 [main] INFO  org.hibernate.Version                                        : HHH000412: Hibernate ORM core version 5.4.32.Final
2022-03-03 23:27:01,424 [main] INFO  org.hibernate.annotations.common.Version                     : HCANN000001: Hibernate Commons Annotations {5.1.2.Final}
2022-03-03 23:27:01,557 [main] INFO  com.zaxxer.hikari.HikariDataSource                           : HikariPool-1 - Starting...
2022-03-03 23:27:01,722 [main] INFO  com.zaxxer.hikari.HikariDataSource                           : HikariPool-1 - Start completed.
2022-03-03 23:27:01,736 [main] INFO  org.hibernate.dialect.Dialect                                : HHH000400: Using dialect: org.hibernate.dialect.PostgreSQLDialect
2022-03-03 23:27:02,681 [main] INFO  o.h.e.transaction.jta.platform.internal.JtaPlatformInitiator : HHH000490: Using JtaPlatform implementation: [org.hibernate.engine.transaction.jta.platform.internal.NoJtaPlatform]
2022-03-03 23:27:02,690 [main] INFO  o.s.orm.jpa.LocalContainerEntityManagerFactoryBean           : Initialized JPA EntityManagerFactory for persistence unit 'default'
2022-03-03 23:27:03,128 [main] WARN  o.s.b.a.orm.jpa.JpaBaseConfiguration$JpaWebConfiguration     : spring.jpa.open-in-view is enabled by default. Therefore, database queries may be performed during view rendering. Explicitly configure spring.jpa.open-in-view to disable this warning
2022-03-03 23:27:03,276 [main] INFO  org.springframework.security.web.DefaultSecurityFilterChain  : Will secure any request with [org.springframework.security.web.context.request.async.WebAsyncManagerIntegrationFilter@5c4f4330, org.springframework.security.web.context.SecurityContextPersistenceFilter@58164e9a, org.springframework.security.web.header.HeaderWriterFilter@16a6dc21, org.springframework.security.web.authentication.logout.LogoutFilter@5fb7ab9c, org.springframework.security.web.authentication.UsernamePasswordAuthenticationFilter@75ed125a, org.springframework.security.web.authentication.ui.DefaultLoginPageGeneratingFilter@7404ddca, org.springframework.security.web.authentication.ui.DefaultLogoutPageGeneratingFilter@2b9aeedb, org.springframework.security.web.savedrequest.RequestCacheAwareFilter@6a7a1a0d, org.springframework.security.web.servletapi.SecurityContextHolderAwareRequestFilter@4ebd6fd6, org.springframework.security.web.authentication.AnonymousAuthenticationFilter@63485d7, org.springframework.security.web.session.SessionManagementFilter@59f45950, org.springframework.security.web.access.ExceptionTranslationFilter@610fbe1c, org.springframework.security.web.access.intercept.FilterSecurityInterceptor@50dc49e1]
2022-03-03 23:27:03,633 [main] INFO  org.apache.coyote.http11.Http11NioProtocol                   : Starting ProtocolHandler ["http-nio-8080"]
2022-03-03 23:27:03,653 [main] INFO  org.springframework.boot.web.embedded.tomcat.TomcatWebServer : Tomcat started on port(s): 8080 (http) with context path ''
2022-03-03 23:27:03,664 [main] INFO  com.example.dem.DemApplication                               : Started DemApplication in 4.508 seconds (JVM running for 5.514)
2022-03-03 23:27:05,882 [http-nio-8080-exec-1] INFO  o.a.catalina.core.ContainerBase.[Tomcat].[localhost].[/]     : Initializing Spring DispatcherServlet 'dispatcherServlet'
2022-03-03 23:27:05,882 [http-nio-8080-exec-1] INFO  org.springframework.web.servlet.DispatcherServlet            : Initializing Servlet 'dispatcherServlet'
2022-03-03 23:27:05,884 [http-nio-8080-exec-1] INFO  org.springframework.web.servlet.DispatcherServlet            : Completed initialization in 2 ms
2022-03-03 23:27:05,935 [http-nio-8080-exec-1] INFO  com.example.dem.DemApplication                               : create user form page returned
2022-03-03 23:27:07,319 [http-nio-8080-exec-2] INFO  com.example.dem.DemApplication                               : create user form page returned
2022-03-03 23:27:07,855 [http-nio-8080-exec-4] INFO  com.example.dem.DemApplication                               : create user form page returned
2022-03-03 23:27:08,134 [http-nio-8080-exec-6] INFO  com.example.dem.DemApplication                               : create user form page returned
2022-03-03 23:27:47,938 [main] INFO  com.example.dem.DemApplication                               : Starting DemApplication using Java 1.8.0_312 on Pavilion with PID 7628 (C:\Users\Pavilion\Path\Рабочий стол\trim 5\dem\target\classes started by Pavilion in C:\Users\Pavilion\Path\Рабочий стол\trim 5\dem)
2022-03-03 23:27:47,941 [main] INFO  com.example.dem.DemApplication                               : No active profile set, falling back to default profiles: default
2022-03-03 23:27:48,721 [main] INFO  o.s.data.repository.config.RepositoryConfigurationDelegate   : Bootstrapping Spring Data JPA repositories in DEFAULT mode.
2022-03-03 23:27:48,801 [main] INFO  o.s.data.repository.config.RepositoryConfigurationDelegate   : Finished Spring Data repository scanning in 68 ms. Found 4 JPA repository interfaces.
2022-03-03 23:27:49,306 [main] INFO  org.springframework.boot.web.embedded.tomcat.TomcatWebServer : Tomcat initialized with port(s): 8080 (http)
2022-03-03 23:27:49,315 [main] INFO  org.apache.coyote.http11.Http11NioProtocol                   : Initializing ProtocolHandler ["http-nio-8080"]
2022-03-03 23:27:49,315 [main] INFO  org.apache.catalina.core.StandardService                     : Starting service [Tomcat]
2022-03-03 23:27:49,316 [main] INFO  org.apache.catalina.core.StandardEngine                      : Starting Servlet engine: [Apache Tomcat/9.0.52]
2022-03-03 23:27:49,397 [main] INFO  o.a.catalina.core.ContainerBase.[Tomcat].[localhost].[/]     : Initializing Spring embedded WebApplicationContext
2022-03-03 23:27:49,398 [main] INFO  o.s.b.web.servlet.context.ServletWebServerApplicationContext : Root WebApplicationContext: initialization completed in 1408 ms
2022-03-03 23:27:49,586 [main] INFO  org.hibernate.jpa.internal.util.LogHelper                    : HHH000204: Processing PersistenceUnitInfo [name: default]
2022-03-03 23:27:49,627 [main] INFO  org.hibernate.Version                                        : HHH000412: Hibernate ORM core version 5.4.32.Final
2022-03-03 23:27:49,745 [main] INFO  org.hibernate.annotations.common.Version                     : HCANN000001: Hibernate Commons Annotations {5.1.2.Final}
2022-03-03 23:27:49,899 [main] INFO  com.zaxxer.hikari.HikariDataSource                           : HikariPool-1 - Starting...
2022-03-03 23:27:50,065 [main] INFO  com.zaxxer.hikari.HikariDataSource                           : HikariPool-1 - Start completed.
2022-03-03 23:27:50,078 [main] INFO  org.hibernate.dialect.Dialect                                : HHH000400: Using dialect: org.hibernate.dialect.PostgreSQLDialect
2022-03-03 23:27:50,954 [main] INFO  o.h.e.transaction.jta.platform.internal.JtaPlatformInitiator : HHH000490: Using JtaPlatform implementation: [org.hibernate.engine.transaction.jta.platform.internal.NoJtaPlatform]
2022-03-03 23:27:50,963 [main] INFO  o.s.orm.jpa.LocalContainerEntityManagerFactoryBean           : Initialized JPA EntityManagerFactory for persistence unit 'default'
2022-03-03 23:27:51,350 [main] WARN  o.s.b.a.orm.jpa.JpaBaseConfiguration$JpaWebConfiguration     : spring.jpa.open-in-view is enabled by default. Therefore, database queries may be performed during view rendering. Explicitly configure spring.jpa.open-in-view to disable this warning
2022-03-03 23:27:51,510 [main] INFO  org.springframework.security.web.DefaultSecurityFilterChain  : Will secure any request with [org.springframework.security.web.context.request.async.WebAsyncManagerIntegrationFilter@5cf0673d, org.springframework.security.web.context.SecurityContextPersistenceFilter@635ff2a5, org.springframework.security.web.header.HeaderWriterFilter@5c70d7f0, org.springframework.security.web.authentication.logout.LogoutFilter@1c6e3ff9, org.springframework.security.web.authentication.UsernamePasswordAuthenticationFilter@362a561e, org.springframework.security.web.authentication.ui.DefaultLoginPageGeneratingFilter@66a82a13, org.springframework.security.web.authentication.ui.DefaultLogoutPageGeneratingFilter@40c76f5a, org.springframework.security.web.savedrequest.RequestCacheAwareFilter@1515f782, org.springframework.security.web.servletapi.SecurityContextHolderAwareRequestFilter@64c25a62, org.springframework.security.web.authentication.AnonymousAuthenticationFilter@a323a5b, org.springframework.security.web.session.SessionManagementFilter@1e6bd263, org.springframework.security.web.access.ExceptionTranslationFilter@63e4484d, org.springframework.security.web.access.intercept.FilterSecurityInterceptor@7ead1d80]
2022-03-03 23:27:51,877 [main] INFO  org.apache.coyote.http11.Http11NioProtocol                   : Starting ProtocolHandler ["http-nio-8080"]
2022-03-03 23:27:51,895 [main] INFO  org.springframework.boot.web.embedded.tomcat.TomcatWebServer : Tomcat started on port(s): 8080 (http) with context path ''
2022-03-03 23:27:51,906 [main] INFO  com.example.dem.DemApplication                               : Started DemApplication in 4.418 seconds (JVM running for 5.521)
2022-03-03 23:27:52,086 [http-nio-8080-exec-1] INFO  o.a.catalina.core.ContainerBase.[Tomcat].[localhost].[/]     : Initializing Spring DispatcherServlet 'dispatcherServlet'
2022-03-03 23:27:52,087 [http-nio-8080-exec-1] INFO  org.springframework.web.servlet.DispatcherServlet            : Initializing Servlet 'dispatcherServlet'
2022-03-03 23:27:52,088 [http-nio-8080-exec-1] INFO  org.springframework.web.servlet.DispatcherServlet            : Completed initialization in 1 ms
2022-03-03 23:27:52,146 [http-nio-8080-exec-1] INFO  com.example.dem.DemApplication                               : create user form page returned
2022-03-03 23:27:54,277 [http-nio-8080-exec-3] INFO  com.example.dem.DemApplication                               : create user form page returned
2022-03-03 23:29:43,474 [main] INFO  com.example.dem.DemApplication                               : Starting DemApplication using Java 1.8.0_312 on Pavilion with PID 15204 (C:\Users\Pavilion\Path\Рабочий стол\trim 5\dem\target\classes started by Pavilion in C:\Users\Pavilion\Path\Рабочий стол\trim 5\dem)
2022-03-03 23:29:43,477 [main] INFO  com.example.dem.DemApplication                               : No active profile set, falling back to default profiles: default
2022-03-03 23:29:44,226 [main] INFO  o.s.data.repository.config.RepositoryConfigurationDelegate   : Bootstrapping Spring Data JPA repositories in DEFAULT mode.
2022-03-03 23:29:44,293 [main] INFO  o.s.data.repository.config.RepositoryConfigurationDelegate   : Finished Spring Data repository scanning in 57 ms. Found 4 JPA repository interfaces.
2022-03-03 23:29:44,770 [main] INFO  org.springframework.boot.web.embedded.tomcat.TomcatWebServer : Tomcat initialized with port(s): 8080 (http)
2022-03-03 23:29:44,778 [main] INFO  org.apache.coyote.http11.Http11NioProtocol                   : Initializing ProtocolHandler ["http-nio-8080"]
2022-03-03 23:29:44,779 [main] INFO  org.apache.catalina.core.StandardService                     : Starting service [Tomcat]
2022-03-03 23:29:44,779 [main] INFO  org.apache.catalina.core.StandardEngine                      : Starting Servlet engine: [Apache Tomcat/9.0.52]
2022-03-03 23:29:44,859 [main] INFO  o.a.catalina.core.ContainerBase.[Tomcat].[localhost].[/]     : Initializing Spring embedded WebApplicationContext
2022-03-03 23:29:44,860 [main] INFO  o.s.b.web.servlet.context.ServletWebServerApplicationContext : Root WebApplicationContext: initialization completed in 1328 ms
2022-03-03 23:29:45,056 [main] INFO  org.hibernate.jpa.internal.util.LogHelper                    : HHH000204: Processing PersistenceUnitInfo [name: default]
2022-03-03 23:29:45,099 [main] INFO  org.hibernate.Version                                        : HHH000412: Hibernate ORM core version 5.4.32.Final
2022-03-03 23:29:45,209 [main] INFO  org.hibernate.annotations.common.Version                     : HCANN000001: Hibernate Commons Annotations {5.1.2.Final}
2022-03-03 23:29:45,348 [main] INFO  com.zaxxer.hikari.HikariDataSource                           : HikariPool-1 - Starting...
2022-03-03 23:29:45,537 [main] INFO  com.zaxxer.hikari.HikariDataSource                           : HikariPool-1 - Start completed.
2022-03-03 23:29:45,551 [main] INFO  org.hibernate.dialect.Dialect                                : HHH000400: Using dialect: org.hibernate.dialect.PostgreSQLDialect
2022-03-03 23:29:46,539 [main] INFO  o.h.e.transaction.jta.platform.internal.JtaPlatformInitiator : HHH000490: Using JtaPlatform implementation: [org.hibernate.engine.transaction.jta.platform.internal.NoJtaPlatform]
2022-03-03 23:29:46,548 [main] INFO  o.s.orm.jpa.LocalContainerEntityManagerFactoryBean           : Initialized JPA EntityManagerFactory for persistence unit 'default'
2022-03-03 23:29:46,958 [main] WARN  o.s.b.a.orm.jpa.JpaBaseConfiguration$JpaWebConfiguration     : spring.jpa.open-in-view is enabled by default. Therefore, database queries may be performed during view rendering. Explicitly configure spring.jpa.open-in-view to disable this warning
2022-03-03 23:29:47,110 [main] INFO  org.springframework.security.web.DefaultSecurityFilterChain  : Will secure any request with [org.springframework.security.web.context.request.async.WebAsyncManagerIntegrationFilter@6b09ce57, org.springframework.security.web.context.SecurityContextPersistenceFilter@7871d261, org.springframework.security.web.header.HeaderWriterFilter@a457c2b, org.springframework.security.web.authentication.logout.LogoutFilter@7e2c6702, org.springframework.security.web.authentication.UsernamePasswordAuthenticationFilter@11c7a0b4, org.springframework.security.web.authentication.ui.DefaultLoginPageGeneratingFilter@5e5a8718, org.springframework.security.web.authentication.ui.DefaultLogoutPageGeneratingFilter@5c4f4330, org.springframework.security.web.savedrequest.RequestCacheAwareFilter@11bfffb3, org.springframework.security.web.servletapi.SecurityContextHolderAwareRequestFilter@33f4c769, org.springframework.security.web.authentication.AnonymousAuthenticationFilter@2b9aeedb, org.springframework.security.web.session.SessionManagementFilter@5773d271, org.springframework.security.web.access.ExceptionTranslationFilter@11399548, org.springframework.security.web.access.intercept.FilterSecurityInterceptor@44aa91e2]
2022-03-03 23:29:47,466 [main] INFO  org.apache.coyote.http11.Http11NioProtocol                   : Starting ProtocolHandler ["http-nio-8080"]
2022-03-03 23:29:47,482 [main] INFO  org.springframework.boot.web.embedded.tomcat.TomcatWebServer : Tomcat started on port(s): 8080 (http) with context path ''
2022-03-03 23:29:47,494 [main] INFO  com.example.dem.DemApplication                               : Started DemApplication in 4.476 seconds (JVM running for 5.488)
2022-03-03 23:29:49,203 [http-nio-8080-exec-1] INFO  o.a.catalina.core.ContainerBase.[Tomcat].[localhost].[/]     : Initializing Spring DispatcherServlet 'dispatcherServlet'
2022-03-03 23:29:49,204 [http-nio-8080-exec-1] INFO  org.springframework.web.servlet.DispatcherServlet            : Initializing Servlet 'dispatcherServlet'
2022-03-03 23:29:49,205 [http-nio-8080-exec-1] INFO  org.springframework.web.servlet.DispatcherServlet            : Completed initialization in 1 ms
2022-03-03 23:29:49,253 [http-nio-8080-exec-1] INFO  com.example.dem.DemApplication                               : create user form page returned
2022-03-03 23:32:21,545 [main] INFO  com.example.dem.DemApplication                               : Starting DemApplication using Java 1.8.0_312 on Pavilion with PID 184 (C:\Users\Pavilion\Path\Рабочий стол\trim 5\dem\target\classes started by Pavilion in C:\Users\Pavilion\Path\Рабочий стол\trim 5\dem)
2022-03-03 23:32:21,548 [main] INFO  com.example.dem.DemApplication                               : No active profile set, falling back to default profiles: default
2022-03-03 23:32:22,320 [main] INFO  o.s.data.repository.config.RepositoryConfigurationDelegate   : Bootstrapping Spring Data JPA repositories in DEFAULT mode.
2022-03-03 23:32:22,384 [main] INFO  o.s.data.repository.config.RepositoryConfigurationDelegate   : Finished Spring Data repository scanning in 54 ms. Found 4 JPA repository interfaces.
2022-03-03 23:32:22,870 [main] INFO  org.springframework.boot.web.embedded.tomcat.TomcatWebServer : Tomcat initialized with port(s): 8080 (http)
2022-03-03 23:32:22,880 [main] INFO  org.apache.coyote.http11.Http11NioProtocol                   : Initializing ProtocolHandler ["http-nio-8080"]
2022-03-03 23:32:22,880 [main] INFO  org.apache.catalina.core.StandardService                     : Starting service [Tomcat]
2022-03-03 23:32:22,881 [main] INFO  org.apache.catalina.core.StandardEngine                      : Starting Servlet engine: [Apache Tomcat/9.0.52]
2022-03-03 23:32:22,963 [main] INFO  o.a.catalina.core.ContainerBase.[Tomcat].[localhost].[/]     : Initializing Spring embedded WebApplicationContext
2022-03-03 23:32:22,963 [main] INFO  o.s.b.web.servlet.context.ServletWebServerApplicationContext : Root WebApplicationContext: initialization completed in 1371 ms
2022-03-03 23:32:23,125 [main] INFO  org.hibernate.jpa.internal.util.LogHelper                    : HHH000204: Processing PersistenceUnitInfo [name: default]
2022-03-03 23:32:23,167 [main] INFO  org.hibernate.Version                                        : HHH000412: Hibernate ORM core version 5.4.32.Final
2022-03-03 23:32:23,276 [main] INFO  org.hibernate.annotations.common.Version                     : HCANN000001: Hibernate Commons Annotations {5.1.2.Final}
2022-03-03 23:32:23,411 [main] INFO  com.zaxxer.hikari.HikariDataSource                           : HikariPool-1 - Starting...
2022-03-03 23:32:23,704 [main] INFO  com.zaxxer.hikari.HikariDataSource                           : HikariPool-1 - Start completed.
2022-03-03 23:32:23,721 [main] INFO  org.hibernate.dialect.Dialect                                : HHH000400: Using dialect: org.hibernate.dialect.PostgreSQLDialect
2022-03-03 23:32:24,593 [main] INFO  o.h.e.transaction.jta.platform.internal.JtaPlatformInitiator : HHH000490: Using JtaPlatform implementation: [org.hibernate.engine.transaction.jta.platform.internal.NoJtaPlatform]
2022-03-03 23:32:24,602 [main] INFO  o.s.orm.jpa.LocalContainerEntityManagerFactoryBean           : Initialized JPA EntityManagerFactory for persistence unit 'default'
2022-03-03 23:32:25,012 [main] WARN  o.s.b.a.orm.jpa.JpaBaseConfiguration$JpaWebConfiguration     : spring.jpa.open-in-view is enabled by default. Therefore, database queries may be performed during view rendering. Explicitly configure spring.jpa.open-in-view to disable this warning
2022-03-03 23:32:25,159 [main] INFO  org.springframework.security.web.DefaultSecurityFilterChain  : Will secure any request with [org.springframework.security.web.context.request.async.WebAsyncManagerIntegrationFilter@2b9e69fb, org.springframework.security.web.context.SecurityContextPersistenceFilter@66a82a13, org.springframework.security.web.header.HeaderWriterFilter@163e8949, org.springframework.security.web.authentication.logout.LogoutFilter@4e50ae56, org.springframework.security.web.authentication.UsernamePasswordAuthenticationFilter@43e3a390, org.springframework.security.web.authentication.ui.DefaultLoginPageGeneratingFilter@6a7a1a0d, org.springframework.security.web.authentication.ui.DefaultLogoutPageGeneratingFilter@19bfbe28, org.springframework.security.web.savedrequest.RequestCacheAwareFilter@11399548, org.springframework.security.web.servletapi.SecurityContextHolderAwareRequestFilter@58164e9a, org.springframework.security.web.authentication.AnonymousAuthenticationFilter@2c579202, org.springframework.security.web.session.SessionManagementFilter@64c25a62, org.springframework.security.web.access.ExceptionTranslationFilter@58601e7a, org.springframework.security.web.access.intercept.FilterSecurityInterceptor@40c76f5a]
2022-03-03 23:32:25,529 [main] INFO  org.apache.coyote.http11.Http11NioProtocol                   : Starting ProtocolHandler ["http-nio-8080"]
2022-03-03 23:32:25,545 [main] INFO  org.springframework.boot.web.embedded.tomcat.TomcatWebServer : Tomcat started on port(s): 8080 (http) with context path ''
2022-03-03 23:32:25,556 [main] INFO  com.example.dem.DemApplication                               : Started DemApplication in 4.429 seconds (JVM running for 5.501)
2022-03-03 23:32:27,396 [http-nio-8080-exec-1] INFO  o.a.catalina.core.ContainerBase.[Tomcat].[localhost].[/]     : Initializing Spring DispatcherServlet 'dispatcherServlet'
2022-03-03 23:32:27,396 [http-nio-8080-exec-1] INFO  org.springframework.web.servlet.DispatcherServlet            : Initializing Servlet 'dispatcherServlet'
2022-03-03 23:32:27,397 [http-nio-8080-exec-1] INFO  org.springframework.web.servlet.DispatcherServlet            : Completed initialization in 1 ms
2022-03-03 23:32:27,448 [http-nio-8080-exec-1] INFO  com.example.dem.DemApplication                               : create user form page returned
2022-03-03 23:34:06,063 [main] INFO  com.example.dem.DemApplication                               : Starting DemApplication using Java 1.8.0_312 on Pavilion with PID 14424 (C:\Users\Pavilion\Path\Рабочий стол\trim 5\dem\target\classes started by Pavilion in C:\Users\Pavilion\Path\Рабочий стол\trim 5\dem)
2022-03-03 23:34:06,065 [main] INFO  com.example.dem.DemApplication                               : No active profile set, falling back to default profiles: default
2022-03-03 23:34:06,828 [main] INFO  o.s.data.repository.config.RepositoryConfigurationDelegate   : Bootstrapping Spring Data JPA repositories in DEFAULT mode.
2022-03-03 23:34:06,892 [main] INFO  o.s.data.repository.config.RepositoryConfigurationDelegate   : Finished Spring Data repository scanning in 55 ms. Found 4 JPA repository interfaces.
2022-03-03 23:34:07,381 [main] INFO  org.springframework.boot.web.embedded.tomcat.TomcatWebServer : Tomcat initialized with port(s): 8080 (http)
2022-03-03 23:34:07,389 [main] INFO  org.apache.coyote.http11.Http11NioProtocol                   : Initializing ProtocolHandler ["http-nio-8080"]
2022-03-03 23:34:07,389 [main] INFO  org.apache.catalina.core.StandardService                     : Starting service [Tomcat]
2022-03-03 23:34:07,389 [main] INFO  org.apache.catalina.core.StandardEngine                      : Starting Servlet engine: [Apache Tomcat/9.0.52]
2022-03-03 23:34:07,475 [main] INFO  o.a.catalina.core.ContainerBase.[Tomcat].[localhost].[/]     : Initializing Spring embedded WebApplicationContext
2022-03-03 23:34:07,476 [main] INFO  o.s.b.web.servlet.context.ServletWebServerApplicationContext : Root WebApplicationContext: initialization completed in 1356 ms
2022-03-03 23:34:07,638 [main] INFO  org.hibernate.jpa.internal.util.LogHelper                    : HHH000204: Processing PersistenceUnitInfo [name: default]
2022-03-03 23:34:07,690 [main] INFO  org.hibernate.Version                                        : HHH000412: Hibernate ORM core version 5.4.32.Final
2022-03-03 23:34:07,854 [main] INFO  org.hibernate.annotations.common.Version                     : HCANN000001: Hibernate Commons Annotations {5.1.2.Final}
2022-03-03 23:34:07,988 [main] INFO  com.zaxxer.hikari.HikariDataSource                           : HikariPool-1 - Starting...
2022-03-03 23:34:08,155 [main] INFO  com.zaxxer.hikari.HikariDataSource                           : HikariPool-1 - Start completed.
2022-03-03 23:34:08,168 [main] INFO  org.hibernate.dialect.Dialect                                : HHH000400: Using dialect: org.hibernate.dialect.PostgreSQLDialect
2022-03-03 23:34:09,111 [main] INFO  o.h.e.transaction.jta.platform.internal.JtaPlatformInitiator : HHH000490: Using JtaPlatform implementation: [org.hibernate.engine.transaction.jta.platform.internal.NoJtaPlatform]
2022-03-03 23:34:09,121 [main] INFO  o.s.orm.jpa.LocalContainerEntityManagerFactoryBean           : Initialized JPA EntityManagerFactory for persistence unit 'default'
2022-03-03 23:34:09,515 [main] WARN  o.s.b.a.orm.jpa.JpaBaseConfiguration$JpaWebConfiguration     : spring.jpa.open-in-view is enabled by default. Therefore, database queries may be performed during view rendering. Explicitly configure spring.jpa.open-in-view to disable this warning
2022-03-03 23:34:09,689 [main] INFO  org.springframework.security.web.DefaultSecurityFilterChain  : Will secure any request with [org.springframework.security.web.context.request.async.WebAsyncManagerIntegrationFilter@6b09ce57, org.springframework.security.web.context.SecurityContextPersistenceFilter@59f45950, org.springframework.security.web.header.HeaderWriterFilter@570b2057, org.springframework.security.web.authentication.logout.LogoutFilter@474e34e4, org.springframework.security.web.authentication.UsernamePasswordAuthenticationFilter@11c7a0b4, org.springframework.security.web.authentication.ui.DefaultLoginPageGeneratingFilter@4ebd6fd6, org.springframework.security.web.authentication.ui.DefaultLogoutPageGeneratingFilter@5c4f4330, org.springframework.security.web.savedrequest.RequestCacheAwareFilter@58164e9a, org.springframework.security.web.servletapi.SecurityContextHolderAwareRequestFilter@40dd552c, org.springframework.security.web.authentication.AnonymousAuthenticationFilter@2b9aeedb, org.springframework.security.web.session.SessionManagementFilter@16a6dc21, org.springframework.security.web.access.ExceptionTranslationFilter@675ec28b, org.springframework.security.web.access.intercept.FilterSecurityInterceptor@44aa91e2]
2022-03-03 23:34:10,059 [main] INFO  org.apache.coyote.http11.Http11NioProtocol                   : Starting ProtocolHandler ["http-nio-8080"]
2022-03-03 23:34:10,076 [main] INFO  org.springframework.boot.web.embedded.tomcat.TomcatWebServer : Tomcat started on port(s): 8080 (http) with context path ''
2022-03-03 23:34:10,088 [main] INFO  com.example.dem.DemApplication                               : Started DemApplication in 4.516 seconds (JVM running for 5.483)
2022-03-03 23:34:10,130 [http-nio-8080-exec-1] INFO  o.a.catalina.core.ContainerBase.[Tomcat].[localhost].[/]     : Initializing Spring DispatcherServlet 'dispatcherServlet'
2022-03-03 23:34:10,131 [http-nio-8080-exec-1] INFO  org.springframework.web.servlet.DispatcherServlet            : Initializing Servlet 'dispatcherServlet'
2022-03-03 23:34:10,132 [http-nio-8080-exec-1] INFO  org.springframework.web.servlet.DispatcherServlet            : Completed initialization in 1 ms
2022-03-03 23:34:10,184 [http-nio-8080-exec-1] INFO  com.example.dem.DemApplication                               : create user form page returned
2022-03-03 23:34:11,390 [http-nio-8080-exec-3] INFO  com.example.dem.DemApplication                               : create user form page returned
2022-03-03 23:34:12,014 [http-nio-8080-exec-5] INFO  com.example.dem.DemApplication                               : create user form page returned
2022-03-03 23:34:12,287 [http-nio-8080-exec-7] INFO  com.example.dem.DemApplication                               : create user form page returned
2022-03-03 23:34:12,436 [http-nio-8080-exec-9] INFO  com.example.dem.DemApplication                               : create user form page returned
2022-03-03 23:34:12,631 [http-nio-8080-exec-1] INFO  com.example.dem.DemApplication                               : create user form page returned
2022-03-03 23:35:22,332 [main] INFO  com.example.dem.DemApplication                               : Starting DemApplication using Java 1.8.0_312 on Pavilion with PID 3792 (C:\Users\Pavilion\Path\Рабочий стол\trim 5\dem\target\classes started by Pavilion in C:\Users\Pavilion\Path\Рабочий стол\trim 5\dem)
2022-03-03 23:35:22,336 [main] INFO  com.example.dem.DemApplication                               : No active profile set, falling back to default profiles: default
2022-03-03 23:35:23,105 [main] INFO  o.s.data.repository.config.RepositoryConfigurationDelegate   : Bootstrapping Spring Data JPA repositories in DEFAULT mode.
2022-03-03 23:35:23,177 [main] INFO  o.s.data.repository.config.RepositoryConfigurationDelegate   : Finished Spring Data repository scanning in 62 ms. Found 4 JPA repository interfaces.
2022-03-03 23:35:23,692 [main] INFO  org.springframework.boot.web.embedded.tomcat.TomcatWebServer : Tomcat initialized with port(s): 8080 (http)
2022-03-03 23:35:23,700 [main] INFO  org.apache.coyote.http11.Http11NioProtocol                   : Initializing ProtocolHandler ["http-nio-8080"]
2022-03-03 23:35:23,700 [main] INFO  org.apache.catalina.core.StandardService                     : Starting service [Tomcat]
2022-03-03 23:35:23,701 [main] INFO  org.apache.catalina.core.StandardEngine                      : Starting Servlet engine: [Apache Tomcat/9.0.52]
2022-03-03 23:35:23,781 [main] INFO  o.a.catalina.core.ContainerBase.[Tomcat].[localhost].[/]     : Initializing Spring embedded WebApplicationContext
2022-03-03 23:35:23,781 [main] INFO  o.s.b.web.servlet.context.ServletWebServerApplicationContext : Root WebApplicationContext: initialization completed in 1381 ms
2022-03-03 23:35:23,956 [main] INFO  org.hibernate.jpa.internal.util.LogHelper                    : HHH000204: Processing PersistenceUnitInfo [name: default]
2022-03-03 23:35:24,000 [main] INFO  org.hibernate.Version                                        : HHH000412: Hibernate ORM core version 5.4.32.Final
2022-03-03 23:35:24,111 [main] INFO  org.hibernate.annotations.common.Version                     : HCANN000001: Hibernate Commons Annotations {5.1.2.Final}
2022-03-03 23:35:24,245 [main] INFO  com.zaxxer.hikari.HikariDataSource                           : HikariPool-1 - Starting...
2022-03-03 23:35:24,411 [main] INFO  com.zaxxer.hikari.HikariDataSource                           : HikariPool-1 - Start completed.
2022-03-03 23:35:24,424 [main] INFO  org.hibernate.dialect.Dialect                                : HHH000400: Using dialect: org.hibernate.dialect.PostgreSQLDialect
2022-03-03 23:35:25,330 [main] INFO  o.h.e.transaction.jta.platform.internal.JtaPlatformInitiator : HHH000490: Using JtaPlatform implementation: [org.hibernate.engine.transaction.jta.platform.internal.NoJtaPlatform]
2022-03-03 23:35:25,340 [main] INFO  o.s.orm.jpa.LocalContainerEntityManagerFactoryBean           : Initialized JPA EntityManagerFactory for persistence unit 'default'
2022-03-03 23:35:25,767 [main] WARN  o.s.b.a.orm.jpa.JpaBaseConfiguration$JpaWebConfiguration     : spring.jpa.open-in-view is enabled by default. Therefore, database queries may be performed during view rendering. Explicitly configure spring.jpa.open-in-view to disable this warning
2022-03-03 23:35:25,918 [main] INFO  org.springframework.security.web.DefaultSecurityFilterChain  : Will secure any request with [org.springframework.security.web.context.request.async.WebAsyncManagerIntegrationFilter@75ed125a, org.springframework.security.web.context.SecurityContextPersistenceFilter@570b2057, org.springframework.security.web.header.HeaderWriterFilter@675ec28b, org.springframework.security.web.authentication.logout.LogoutFilter@18c7f6b5, org.springframework.security.web.authentication.UsernamePasswordAuthenticationFilter@2b9e69fb, org.springframework.security.web.authentication.ui.DefaultLoginPageGeneratingFilter@4f26425b, org.springframework.security.web.authentication.ui.DefaultLogoutPageGeneratingFilter@653a5967, org.springframework.security.web.savedrequest.RequestCacheAwareFilter@16a6dc21, org.springframework.security.web.servletapi.SecurityContextHolderAwareRequestFilter@184afb78, org.springframework.security.web.authentication.AnonymousAuthenticationFilter@5a85b4e6, org.springframework.security.web.session.SessionManagementFilter@610fbe1c, org.springframework.security.web.access.ExceptionTranslationFilter@6eede35e, org.springframework.security.web.access.intercept.FilterSecurityInterceptor@6a6da47a]
2022-03-03 23:35:26,272 [main] INFO  org.apache.coyote.http11.Http11NioProtocol                   : Starting ProtocolHandler ["http-nio-8080"]
2022-03-03 23:35:26,289 [main] INFO  org.springframework.boot.web.embedded.tomcat.TomcatWebServer : Tomcat started on port(s): 8080 (http) with context path ''
2022-03-03 23:35:26,300 [main] INFO  com.example.dem.DemApplication                               : Started DemApplication in 4.458 seconds (JVM running for 5.48)
2022-03-03 23:35:26,403 [http-nio-8080-exec-1] INFO  o.a.catalina.core.ContainerBase.[Tomcat].[localhost].[/]     : Initializing Spring DispatcherServlet 'dispatcherServlet'
2022-03-03 23:35:26,404 [http-nio-8080-exec-1] INFO  org.springframework.web.servlet.DispatcherServlet            : Initializing Servlet 'dispatcherServlet'
2022-03-03 23:35:26,405 [http-nio-8080-exec-1] INFO  org.springframework.web.servlet.DispatcherServlet            : Completed initialization in 1 ms
2022-03-03 23:35:26,599 [http-nio-8080-exec-1] INFO  com.example.dem.DemApplication                               : user found: return user page
2022-03-03 23:35:30,603 [http-nio-8080-exec-3] INFO  com.example.dem.DemApplication                               : create user form page returned
2022-03-03 23:35:31,325 [http-nio-8080-exec-5] INFO  com.example.dem.DemApplication                               : create user form page returned
2022-03-03 23:35:31,526 [http-nio-8080-exec-7] INFO  com.example.dem.DemApplication                               : create user form page returned
2022-03-03 23:35:31,709 [http-nio-8080-exec-9] INFO  com.example.dem.DemApplication                               : create user form page returned
2022-03-03 23:37:19,464 [main] INFO  com.example.dem.DemApplication                               : Starting DemApplication using Java 1.8.0_312 on Pavilion with PID 5364 (C:\Users\Pavilion\Path\Рабочий стол\trim 5\dem\target\classes started by Pavilion in C:\Users\Pavilion\Path\Рабочий стол\trim 5\dem)
2022-03-03 23:37:19,467 [main] INFO  com.example.dem.DemApplication                               : No active profile set, falling back to default profiles: default
2022-03-03 23:37:20,217 [main] INFO  o.s.data.repository.config.RepositoryConfigurationDelegate   : Bootstrapping Spring Data JPA repositories in DEFAULT mode.
2022-03-03 23:37:20,283 [main] INFO  o.s.data.repository.config.RepositoryConfigurationDelegate   : Finished Spring Data repository scanning in 55 ms. Found 4 JPA repository interfaces.
2022-03-03 23:37:20,771 [main] INFO  org.springframework.boot.web.embedded.tomcat.TomcatWebServer : Tomcat initialized with port(s): 8080 (http)
2022-03-03 23:37:20,780 [main] INFO  org.apache.coyote.http11.Http11NioProtocol                   : Initializing ProtocolHandler ["http-nio-8080"]
2022-03-03 23:37:20,780 [main] INFO  org.apache.catalina.core.StandardService                     : Starting service [Tomcat]
2022-03-03 23:37:20,780 [main] INFO  org.apache.catalina.core.StandardEngine                      : Starting Servlet engine: [Apache Tomcat/9.0.52]
2022-03-03 23:37:20,865 [main] INFO  o.a.catalina.core.ContainerBase.[Tomcat].[localhost].[/]     : Initializing Spring embedded WebApplicationContext
2022-03-03 23:37:20,866 [main] INFO  o.s.b.web.servlet.context.ServletWebServerApplicationContext : Root WebApplicationContext: initialization completed in 1343 ms
2022-03-03 23:37:21,024 [main] INFO  org.hibernate.jpa.internal.util.LogHelper                    : HHH000204: Processing PersistenceUnitInfo [name: default]
2022-03-03 23:37:21,065 [main] INFO  org.hibernate.Version                                        : HHH000412: Hibernate ORM core version 5.4.32.Final
2022-03-03 23:37:21,172 [main] INFO  org.hibernate.annotations.common.Version                     : HCANN000001: Hibernate Commons Annotations {5.1.2.Final}
2022-03-03 23:37:21,306 [main] INFO  com.zaxxer.hikari.HikariDataSource                           : HikariPool-1 - Starting...
2022-03-03 23:37:21,584 [main] INFO  com.zaxxer.hikari.HikariDataSource                           : HikariPool-1 - Start completed.
2022-03-03 23:37:21,598 [main] INFO  org.hibernate.dialect.Dialect                                : HHH000400: Using dialect: org.hibernate.dialect.PostgreSQLDialect
2022-03-03 23:37:22,482 [main] INFO  o.h.e.transaction.jta.platform.internal.JtaPlatformInitiator : HHH000490: Using JtaPlatform implementation: [org.hibernate.engine.transaction.jta.platform.internal.NoJtaPlatform]
2022-03-03 23:37:22,493 [main] INFO  o.s.orm.jpa.LocalContainerEntityManagerFactoryBean           : Initialized JPA EntityManagerFactory for persistence unit 'default'
2022-03-03 23:37:22,916 [main] WARN  o.s.b.a.orm.jpa.JpaBaseConfiguration$JpaWebConfiguration     : spring.jpa.open-in-view is enabled by default. Therefore, database queries may be performed during view rendering. Explicitly configure spring.jpa.open-in-view to disable this warning
2022-03-03 23:37:23,083 [main] INFO  org.springframework.security.web.DefaultSecurityFilterChain  : Will secure any request with [org.springframework.security.web.context.request.async.WebAsyncManagerIntegrationFilter@653a5967, org.springframework.security.web.context.SecurityContextPersistenceFilter@a457c2b, org.springframework.security.web.header.HeaderWriterFilter@11399548, org.springframework.security.web.authentication.logout.LogoutFilter@629b780f, org.springframework.security.web.authentication.UsernamePasswordAuthenticationFilter@19bfbe28, org.springframework.security.web.authentication.ui.DefaultLoginPageGeneratingFilter@f03ee8f, org.springframework.security.web.authentication.ui.DefaultLogoutPageGeneratingFilter@5a85b4e6, org.springframework.security.web.savedrequest.RequestCacheAwareFilter@5773d271, org.springframework.security.web.servletapi.SecurityContextHolderAwareRequestFilter@22da200e, org.springframework.security.web.authentication.AnonymousAuthenticationFilter@766b6d02, org.springframework.security.web.session.SessionManagementFilter@46d0f89c, org.springframework.security.web.access.ExceptionTranslationFilter@64c25a62, org.springframework.security.web.access.intercept.FilterSecurityInterceptor@8f39224]
2022-03-03 23:37:23,431 [main] INFO  org.apache.coyote.http11.Http11NioProtocol                   : Starting ProtocolHandler ["http-nio-8080"]
2022-03-03 23:37:23,449 [main] INFO  org.springframework.boot.web.embedded.tomcat.TomcatWebServer : Tomcat started on port(s): 8080 (http) with context path ''
2022-03-03 23:37:23,460 [main] INFO  com.example.dem.DemApplication                               : Started DemApplication in 4.494 seconds (JVM running for 5.485)
2022-03-03 23:37:28,360 [http-nio-8080-exec-1] INFO  o.a.catalina.core.ContainerBase.[Tomcat].[localhost].[/]     : Initializing Spring DispatcherServlet 'dispatcherServlet'
2022-03-03 23:37:28,360 [http-nio-8080-exec-1] INFO  org.springframework.web.servlet.DispatcherServlet            : Initializing Servlet 'dispatcherServlet'
2022-03-03 23:37:28,361 [http-nio-8080-exec-1] INFO  org.springframework.web.servlet.DispatcherServlet            : Completed initialization in 1 ms
2022-03-03 23:37:28,411 [http-nio-8080-exec-1] INFO  com.example.dem.DemApplication                               : create user form page returned
2022-03-03 23:55:03,685 [main] INFO  com.example.dem.DemApplication                               : Starting DemApplication using Java 1.8.0_312 on Pavilion with PID 15736 (C:\Users\Pavilion\Path\Рабочий стол\trim 5\dem\target\classes started by Pavilion in C:\Users\Pavilion\Path\Рабочий стол\trim 5\dem)
2022-03-03 23:55:03,689 [main] INFO  com.example.dem.DemApplication                               : No active profile set, falling back to default profiles: default
2022-03-03 23:55:04,650 [main] INFO  o.s.data.repository.config.RepositoryConfigurationDelegate   : Bootstrapping Spring Data JPA repositories in DEFAULT mode.
2022-03-03 23:55:04,740 [main] INFO  o.s.data.repository.config.RepositoryConfigurationDelegate   : Finished Spring Data repository scanning in 76 ms. Found 4 JPA repository interfaces.
2022-03-03 23:55:05,294 [main] INFO  org.springframework.boot.web.embedded.tomcat.TomcatWebServer : Tomcat initialized with port(s): 8080 (http)
2022-03-03 23:55:05,303 [main] INFO  org.apache.coyote.http11.Http11NioProtocol                   : Initializing ProtocolHandler ["http-nio-8080"]
2022-03-03 23:55:05,303 [main] INFO  org.apache.catalina.core.StandardService                     : Starting service [Tomcat]
2022-03-03 23:55:05,304 [main] INFO  org.apache.catalina.core.StandardEngine                      : Starting Servlet engine: [Apache Tomcat/9.0.52]
2022-03-03 23:55:05,396 [main] INFO  o.a.catalina.core.ContainerBase.[Tomcat].[localhost].[/]     : Initializing Spring embedded WebApplicationContext
2022-03-03 23:55:05,397 [main] INFO  o.s.b.web.servlet.context.ServletWebServerApplicationContext : Root WebApplicationContext: initialization completed in 1645 ms
2022-03-03 23:55:05,591 [main] INFO  org.hibernate.jpa.internal.util.LogHelper                    : HHH000204: Processing PersistenceUnitInfo [name: default]
2022-03-03 23:55:05,634 [main] INFO  org.hibernate.Version                                        : HHH000412: Hibernate ORM core version 5.4.32.Final
2022-03-03 23:55:05,775 [main] INFO  org.hibernate.annotations.common.Version                     : HCANN000001: Hibernate Commons Annotations {5.1.2.Final}
2022-03-03 23:55:05,943 [main] INFO  com.zaxxer.hikari.HikariDataSource                           : HikariPool-1 - Starting...
2022-03-03 23:55:06,134 [main] INFO  com.zaxxer.hikari.HikariDataSource                           : HikariPool-1 - Start completed.
2022-03-03 23:55:06,152 [main] INFO  org.hibernate.dialect.Dialect                                : HHH000400: Using dialect: org.hibernate.dialect.PostgreSQLDialect
2022-03-03 23:55:07,197 [main] INFO  o.h.e.transaction.jta.platform.internal.JtaPlatformInitiator : HHH000490: Using JtaPlatform implementation: [org.hibernate.engine.transaction.jta.platform.internal.NoJtaPlatform]
2022-03-03 23:55:07,208 [main] INFO  o.s.orm.jpa.LocalContainerEntityManagerFactoryBean           : Initialized JPA EntityManagerFactory for persistence unit 'default'
2022-03-03 23:55:07,652 [main] WARN  o.s.b.a.orm.jpa.JpaBaseConfiguration$JpaWebConfiguration     : spring.jpa.open-in-view is enabled by default. Therefore, database queries may be performed during view rendering. Explicitly configure spring.jpa.open-in-view to disable this warning
2022-03-03 23:55:07,861 [main] INFO  org.springframework.security.web.DefaultSecurityFilterChain  : Will secure any request with [org.springframework.security.web.context.request.async.WebAsyncManagerIntegrationFilter@781c2497, org.springframework.security.web.context.SecurityContextPersistenceFilter@3af36922, org.springframework.security.web.header.HeaderWriterFilter@91a2543, org.springframework.security.web.authentication.logout.LogoutFilter@698d6d30, org.springframework.security.web.authentication.UsernamePasswordAuthenticationFilter@4e4f4092, org.springframework.security.web.authentication.ui.DefaultLoginPageGeneratingFilter@3dea226b, org.springframework.security.web.authentication.ui.DefaultLogoutPageGeneratingFilter@b75b890, org.springframework.security.web.savedrequest.RequestCacheAwareFilter@474e34e4, org.springframework.security.web.servletapi.SecurityContextHolderAwareRequestFilter@38f617f4, org.springframework.security.web.authentication.AnonymousAuthenticationFilter@70c491b8, org.springframework.security.web.session.SessionManagementFilter@18c7f6b5, org.springframework.security.web.access.ExceptionTranslationFilter@4438938e, org.springframework.security.web.access.intercept.FilterSecurityInterceptor@44da7eb3]
2022-03-03 23:55:08,265 [main] INFO  org.apache.coyote.http11.Http11NioProtocol                   : Starting ProtocolHandler ["http-nio-8080"]
2022-03-03 23:55:08,287 [main] INFO  org.springframework.boot.web.embedded.tomcat.TomcatWebServer : Tomcat started on port(s): 8080 (http) with context path ''
2022-03-03 23:55:08,299 [main] INFO  com.example.dem.DemApplication                               : Started DemApplication in 5.268 seconds (JVM running for 6.759)
